This is LuaTeX, Version 1.10.0 (MiKTeX 2.9.7000 64-bit)  (format=lualatex 2019.3.24)  1 NOV 2019 08:09
 restricted system commands enabled.
**"C:/Users/0-4/Desktop/Computer_Science_MS/Thesis/pml/pmlFixed/Thesis TEX/PDFP
resentation/presentation_4/template.tex"

("C:/Users/0-4/Desktop/Computer_Science_MS/Thesis/pml/pmlFixed/Thesis TEX/PDFPr
esentation/presentation_4/template.tex"
LaTeX2e <2018-12-01>
Lua module: luaotfload-main 2019-02-14 2.96 luaotfload entry point
Lua module: luaotfload-init 2019-02-14 2.96 luaotfload submodule / initializatio
n
Lua module: lualibs 2019-02-14 2.64 ConTeXt Lua standard libraries.
Lua module: lualibs-extended 2019-02-14 2.64 ConTeXt Lua libraries -- extended c
ollection.
Lua module: luaotfload-log 2019-02-14 2.96 luaotfload submodule / logging
Lua module: luaotfload-parsers 2019-02-14 2.96 luaotfload submodule / filelist
Lua module: luaotfload-configuration 2019-02-14 2.96 luaotfload submodule / conf
ig file reader
luaotfload | conf : Root cache directory is C:/Users/0-4/AppData/Local/MiKTeX/2.
9/luatex-cache/generic/names.
luaotfload | init : Loading fontloader “fontloader-2019-02-14.lua” from kpse
-resolved path “C:/Users/0-4/AppData/Local/Programs/MiKTeX 2.9/tex/luatex/luao
tfload/fontloader-2019-02-14.lua”.
Lua-only attribute luaotfload@state = 1
Lua-only attribute luaotfload@noligature = 2
Lua-only attribute luaotfload@syllabe = 3
luaotfload | init : Context OpenType loader version “3.107”
Inserting `luaotfload.node_processor' at position 1 in `pre_linebreak_filter'.
Inserting `luaotfload.node_processor' at position 1 in `hpack_filter'.
Lua module: luaotfload-loaders 2019-02-14 2.96 luaotfload submodule / callback h
andling
Inserting `luaotfload.define_font' at position 1 in `define_font'.
Lua module: luaotfload-database 2019-02-14 2.96 luaotfload submodule / database
Lua module: luaotfload-colors 2019-02-14 2.96 luaotfload submodule / color
Lua-only attribute luaotfload_color_attribute = 4
Lua module: luaotfload-resolvers 2019-02-14 2.96 luaotfload submodule / resolver
s
luaotfload | conf : Root cache directory is C:/Users/0-4/AppData/Local/MiKTeX/2.
9/luatex-cache/generic/names.
Lua module: luaotfload-features 2019-02-14 2.96 luaotfload submodule / features
Lua module: luaotfload-letterspace 2019-02-14 2.96 luaotfload submodule / color
Lua module: luaotfload-auxiliary 2019-02-14 2.96 luaotfload submodule / auxiliar
y functions
Inserting `luaotfload.aux.set_sscale_dimens' at position 1 in `luaotfload.patch_
font'.
Inserting `luaotfload.aux.patch_cambria_domh' at position 2 in `luaotfload.patch
_font'.
Inserting `luaotfload.aux.fixup_fontdata' at position 1 in `luaotfload.patch_fon
t_unsafe'.
Inserting `luaotfload.aux.set_capheight' at position 3 in `luaotfload.patch_font
'.
Inserting `luaotfload.rewrite_fontname' at position 4 in `luaotfload.patch_font'
.
luaotfload | main : initialization completed in 1.267 seconds
("C:/Users/0-4/AppData/Local/Programs/MiKTeX 2.9/tex/latex/beamer/beamer.cls"
Document Class: beamer 2019/09/29 v3.57 A class for typesetting presentations

("C:/Users/0-4/AppData/Local/Programs/MiKTeX 2.9/tex/latex/beamer/beamerbasemod
es.sty"
("C:/Users/0-4/AppData/Local/Programs/MiKTeX 2.9/tex/latex/etoolbox/etoolbox.st
y"
Package: etoolbox 2018/08/19 v2.5f e-TeX tools for LaTeX (JAW)
\etb@tempcnta=\count80
)
\beamer@tempbox=\box27
\beamer@tempcount=\count81
\c@beamerpauses=\count82

("C:/Users/0-4/AppData/Local/Programs/MiKTeX 2.9/tex/latex/beamer/beamerbasedec
ode.sty"
\beamer@slideinframe=\count83
\beamer@minimum=\count84
\beamer@decode@box=\box28
)
\beamer@commentbox=\box29
\beamer@modecount=\count85
)
("C:/Users/0-4/AppData/Local/Programs/MiKTeX 2.9/tex/generic/oberdiek/ifpdf.sty
"
Package: ifpdf 2018/09/07 v3.3 Provides the ifpdf switch
)
\headdp=\dimen102
\footheight=\dimen103
\sidebarheight=\dimen104
\beamer@tempdim=\dimen105
\beamer@finalheight=\dimen106
\beamer@animht=\dimen107
\beamer@animdp=\dimen108
\beamer@animwd=\dimen109
\beamer@leftmargin=\dimen110
\beamer@rightmargin=\dimen111
\beamer@leftsidebar=\dimen112
\beamer@rightsidebar=\dimen113
\beamer@boxsize=\dimen114
\beamer@vboxoffset=\dimen115
\beamer@descdefault=\dimen116
\beamer@descriptionwidth=\dimen117
\beamer@lastskip=\skip41
\beamer@areabox=\box30
\beamer@animcurrent=\box31
\beamer@animshowbox=\box32
\beamer@sectionbox=\box33
\beamer@logobox=\box34
\beamer@linebox=\box35
\beamer@sectioncount=\count86
\beamer@subsubsectionmax=\count87
\beamer@subsectionmax=\count88
\beamer@sectionmax=\count89
\beamer@totalheads=\count90
\beamer@headcounter=\count91
\beamer@partstartpage=\count92
\beamer@sectionstartpage=\count93
\beamer@subsectionstartpage=\count94
\beamer@animationtempa=\count95
\beamer@animationtempb=\count96
\beamer@xpos=\count97
\beamer@ypos=\count98
\beamer@ypos@offset=\count99
\beamer@showpartnumber=\count100
\beamer@currentsubsection=\count101
\beamer@coveringdepth=\count102
\beamer@sectionadjust=\count103
\beamer@tocsectionnumber=\count104

("C:/Users/0-4/AppData/Local/Programs/MiKTeX 2.9/tex/latex/beamer/beamerbaseopt
ions.sty"
("C:/Users/0-4/AppData/Local/Programs/MiKTeX 2.9/tex/latex/graphics/keyval.sty"
Package: keyval 2014/10/28 v1.15 key=value parser (DPC)
\KV@toks@=\toks14
))
\beamer@paperwidth=\skip42
\beamer@paperheight=\skip43

("C:/Users/0-4/AppData/Local/Programs/MiKTeX 2.9/tex/latex/geometry/geometry.st
y"
Package: geometry 2018/04/16 v5.8 Page Geometry

("C:/Users/0-4/AppData/Local/Programs/MiKTeX 2.9/tex/generic/oberdiek/ifvtex.st
y"
Package: ifvtex 2016/05/16 v1.6 Detect VTeX and its facilities (HO)
Package ifvtex Info: VTeX not detected.
)
("C:/Users/0-4/AppData/Local/Programs/MiKTeX 2.9/tex/generic/ifxetex/ifxetex.st
y"
Package: ifxetex 2010/09/12 v0.6 Provides ifxetex conditional
)
\Gm@cnth=\count105
\Gm@cntv=\count106
\c@Gm@tempcnt=\count107
\Gm@bindingoffset=\dimen118
\Gm@wd@mp=\dimen119
\Gm@odd@mp=\dimen120
\Gm@even@mp=\dimen121
\Gm@layoutwidth=\dimen122
\Gm@layoutheight=\dimen123
\Gm@layouthoffset=\dimen124
\Gm@layoutvoffset=\dimen125
\Gm@dimlist=\toks15

("C:/Users/0-4/AppData/Local/Programs/MiKTeX 2.9/tex/latex/geometry/geometry.cf
g")) ("C:/Users/0-4/AppData/Local/Programs/MiKTeX 2.9/tex/latex/base/size11.clo
"
File: size11.clo 2018/09/03 v1.4i Standard LaTeX file (size option)
luaotfload | db : Font names database loaded from C:/Users/0-4/AppData/Local/MiK
TeX/2.9/luatex-cache/generic/names/luaotfload-names.luc)
("C:/Users/0-4/AppData/Local/Programs/MiKTeX 2.9/tex/latex/pgf/basiclayer/pgfco
re.sty"
("C:/Users/0-4/AppData/Local/Programs/MiKTeX 2.9/tex/latex/graphics/graphicx.st
y"
Package: graphicx 2017/06/01 v1.1a Enhanced LaTeX Graphics (DPC,SPQR)

("C:/Users/0-4/AppData/Local/Programs/MiKTeX 2.9/tex/latex/graphics/graphics.st
y"
Package: graphics 2017/06/25 v1.2c Standard LaTeX Graphics (DPC,SPQR)
 ("C:/Users/0-4/AppData/Local/Programs/MiKTeX 2.9/tex/latex/graphics/trig.sty"
Package: trig 2016/01/03 v1.10 sin cos tan (DPC)
)
("C:/Users/0-4/AppData/Local/Programs/MiKTeX 2.9/tex/latex/graphics-cfg/graphic
s.cfg"
File: graphics.cfg 2016/06/04 v1.11 sample graphics configuration
)
Package graphics Info: Driver file: luatex.def on input line 99.

("C:/Users/0-4/AppData/Local/Programs/MiKTeX 2.9/tex/latex/graphics-def/luatex.
def"
File: luatex.def 2018/01/08 v1.0l Graphics/color driver for luatex
))
\Gin@req@height=\dimen126
\Gin@req@width=\dimen127
)
("C:/Users/0-4/AppData/Local/Programs/MiKTeX 2.9/tex/latex/pgf/systemlayer/pgfs
ys.sty"
("C:/Users/0-4/AppData/Local/Programs/MiKTeX 2.9/tex/latex/pgf/utilities/pgfrcs
.sty"
("C:/Users/0-4/AppData/Local/Programs/MiKTeX 2.9/tex/generic/pgf/utilities/pgfu
til-common.tex"
\pgfutil@everybye=\toks16
\pgfutil@tempdima=\dimen128
\pgfutil@tempdimb=\dimen129

("C:/Users/0-4/AppData/Local/Programs/MiKTeX 2.9/tex/generic/pgf/utilities/pgfu
til-common-lists.tex"))
("C:/Users/0-4/AppData/Local/Programs/MiKTeX 2.9/tex/generic/pgf/utilities/pgfu
til-latex.def"
\pgfutil@abb=\box36

("C:/Users/0-4/AppData/Local/Programs/MiKTeX 2.9/tex/latex/ms/everyshi.sty"
Package: everyshi 2001/05/15 v3.00 EveryShipout Package (MS)
))
("C:/Users/0-4/AppData/Local/Programs/MiKTeX 2.9/tex/generic/pgf/utilities/pgfr
cs.code.tex"
("C:/Users/0-4/AppData/Local/Programs/MiKTeX 2.9/tex/generic/pgf/pgf.revision.t
ex")
Package: pgfrcs 2019/08/03 v3.1.4b (3.1.4b)
))
("C:/Users/0-4/AppData/Local/Programs/MiKTeX 2.9/tex/generic/pgf/systemlayer/pg
fsys.code.tex"
Package: pgfsys 2019/08/03 v3.1.4b (3.1.4b)

("C:/Users/0-4/AppData/Local/Programs/MiKTeX 2.9/tex/generic/pgf/utilities/pgfk
eys.code.tex"
\pgfkeys@pathtoks=\toks17
\pgfkeys@temptoks=\toks18

("C:/Users/0-4/AppData/Local/Programs/MiKTeX 2.9/tex/generic/pgf/utilities/pgfk
eysfiltered.code.tex"
\pgfkeys@tmptoks=\toks19
))
\pgf@x=\dimen130
\pgf@y=\dimen131
\pgf@xa=\dimen132
\pgf@ya=\dimen133
\pgf@xb=\dimen134
\pgf@yb=\dimen135
\pgf@xc=\dimen136
\pgf@yc=\dimen137
\pgf@xd=\dimen138
\pgf@yd=\dimen139
\w@pgf@writea=\write3
\r@pgf@reada=\read1
\c@pgf@counta=\count108
\c@pgf@countb=\count109
\c@pgf@countc=\count110
\c@pgf@countd=\count111
\t@pgf@toka=\toks20
\t@pgf@tokb=\toks21
\t@pgf@tokc=\toks22
\pgf@sys@id@count=\count112

("C:/Users/0-4/AppData/Local/Programs/MiKTeX 2.9/tex/generic/pgf/systemlayer/pg
f.cfg"
File: pgf.cfg 2019/08/03 v3.1.4b (3.1.4b)
)
Driver file for pgf: pgfsys-luatex.def

("C:/Users/0-4/AppData/Local/Programs/MiKTeX 2.9/tex/generic/pgf/systemlayer/pg
fsys-luatex.def"
File: pgfsys-luatex.def 2019/08/03 v3.1.4b (3.1.4b)

("C:/Users/0-4/AppData/Local/Programs/MiKTeX 2.9/tex/generic/pgf/systemlayer/pg
fsys-common-pdf.def"
File: pgfsys-common-pdf.def 2019/08/03 v3.1.4b (3.1.4b)
)))
("C:/Users/0-4/AppData/Local/Programs/MiKTeX 2.9/tex/generic/pgf/systemlayer/pg
fsyssoftpath.code.tex"
File: pgfsyssoftpath.code.tex 2019/08/03 v3.1.4b (3.1.4b)
\pgfsyssoftpath@smallbuffer@items=\count113
\pgfsyssoftpath@bigbuffer@items=\count114
)
("C:/Users/0-4/AppData/Local/Programs/MiKTeX 2.9/tex/generic/pgf/systemlayer/pg
fsysprotocol.code.tex"
File: pgfsysprotocol.code.tex 2019/08/03 v3.1.4b (3.1.4b)
))
("C:/Users/0-4/AppData/Local/Programs/MiKTeX 2.9/tex/latex/xcolor/xcolor.sty"
Package: xcolor 2016/05/11 v2.12 LaTeX color extensions (UK)

("C:/Users/0-4/AppData/Local/Programs/MiKTeX 2.9/tex/latex/graphics-cfg/color.c
fg"
File: color.cfg 2016/01/02 v1.6 sample color configuration
)
Package xcolor Info: Driver file: luatex.def on input line 225.
Package xcolor Info: Model `cmy' substituted by `cmy0' on input line 1348.
Package xcolor Info: Model `hsb' substituted by `rgb' on input line 1352.
Package xcolor Info: Model `RGB' extended on input line 1364.
Package xcolor Info: Model `HTML' substituted by `rgb' on input line 1366.
Package xcolor Info: Model `Hsb' substituted by `hsb' on input line 1367.
Package xcolor Info: Model `tHsb' substituted by `hsb' on input line 1368.
Package xcolor Info: Model `HSB' substituted by `hsb' on input line 1369.
Package xcolor Info: Model `Gray' substituted by `gray' on input line 1370.
Package xcolor Info: Model `wave' substituted by `hsb' on input line 1371.
)
("C:/Users/0-4/AppData/Local/Programs/MiKTeX 2.9/tex/generic/pgf/basiclayer/pgf
core.code.tex"
Package: pgfcore 2019/08/03 v3.1.4b (3.1.4b)

("C:/Users/0-4/AppData/Local/Programs/MiKTeX 2.9/tex/generic/pgf/math/pgfmath.c
ode.tex"
("C:/Users/0-4/AppData/Local/Programs/MiKTeX 2.9/tex/generic/pgf/math/pgfmathca
lc.code.tex"
("C:/Users/0-4/AppData/Local/Programs/MiKTeX 2.9/tex/generic/pgf/math/pgfmathut
il.code.tex")
("C:/Users/0-4/AppData/Local/Programs/MiKTeX 2.9/tex/generic/pgf/math/pgfmathpa
rser.code.tex"
\pgfmath@dimen=\dimen140
\pgfmath@count=\count115
\pgfmath@box=\box37
\pgfmath@toks=\toks23
\pgfmath@stack@operand=\toks24
\pgfmath@stack@operation=\toks25
)
("C:/Users/0-4/AppData/Local/Programs/MiKTeX 2.9/tex/generic/pgf/math/pgfmathfu
nctions.code.tex"
("C:/Users/0-4/AppData/Local/Programs/MiKTeX 2.9/tex/generic/pgf/math/pgfmathfu
nctions.basic.code.tex")
("C:/Users/0-4/AppData/Local/Programs/MiKTeX 2.9/tex/generic/pgf/math/pgfmathfu
nctions.trigonometric.code.tex")
("C:/Users/0-4/AppData/Local/Programs/MiKTeX 2.9/tex/generic/pgf/math/pgfmathfu
nctions.random.code.tex")
("C:/Users/0-4/AppData/Local/Programs/MiKTeX 2.9/tex/generic/pgf/math/pgfmathfu
nctions.comparison.code.tex")
("C:/Users/0-4/AppData/Local/Programs/MiKTeX 2.9/tex/generic/pgf/math/pgfmathfu
nctions.base.code.tex")
("C:/Users/0-4/AppData/Local/Programs/MiKTeX 2.9/tex/generic/pgf/math/pgfmathfu
nctions.round.code.tex")
("C:/Users/0-4/AppData/Local/Programs/MiKTeX 2.9/tex/generic/pgf/math/pgfmathfu
nctions.misc.code.tex")
("C:/Users/0-4/AppData/Local/Programs/MiKTeX 2.9/tex/generic/pgf/math/pgfmathfu
nctions.integerarithmetics.code.tex")))
("C:/Users/0-4/AppData/Local/Programs/MiKTeX 2.9/tex/generic/pgf/math/pgfmathfl
oat.code.tex"
\c@pgfmathroundto@lastzeros=\count116
))
("C:/Users/0-4/AppData/Local/Programs/MiKTeX 2.9/tex/generic/pgf/math/pgfint.co
de.tex")
("C:/Users/0-4/AppData/Local/Programs/MiKTeX 2.9/tex/generic/pgf/basiclayer/pgf
corepoints.code.tex"
File: pgfcorepoints.code.tex 2019/08/03 v3.1.4b (3.1.4b)
\pgf@picminx=\dimen141
\pgf@picmaxx=\dimen142
\pgf@picminy=\dimen143
\pgf@picmaxy=\dimen144
\pgf@pathminx=\dimen145
\pgf@pathmaxx=\dimen146
\pgf@pathminy=\dimen147
\pgf@pathmaxy=\dimen148
\pgf@xx=\dimen149
\pgf@xy=\dimen150
\pgf@yx=\dimen151
\pgf@yy=\dimen152
\pgf@zx=\dimen153
\pgf@zy=\dimen154
)
("C:/Users/0-4/AppData/Local/Programs/MiKTeX 2.9/tex/generic/pgf/basiclayer/pgf
corepathconstruct.code.tex"
File: pgfcorepathconstruct.code.tex 2019/08/03 v3.1.4b (3.1.4b)
\pgf@path@lastx=\dimen155
\pgf@path@lasty=\dimen156
)
("C:/Users/0-4/AppData/Local/Programs/MiKTeX 2.9/tex/generic/pgf/basiclayer/pgf
corepathusage.code.tex"
File: pgfcorepathusage.code.tex 2019/08/03 v3.1.4b (3.1.4b)
\pgf@shorten@end@additional=\dimen157
\pgf@shorten@start@additional=\dimen158
)
("C:/Users/0-4/AppData/Local/Programs/MiKTeX 2.9/tex/generic/pgf/basiclayer/pgf
corescopes.code.tex"
File: pgfcorescopes.code.tex 2019/08/03 v3.1.4b (3.1.4b)
\pgfpic=\box38
\pgf@hbox=\box39
\pgf@layerbox@main=\box40
\pgf@picture@serial@count=\count117
)
("C:/Users/0-4/AppData/Local/Programs/MiKTeX 2.9/tex/generic/pgf/basiclayer/pgf
coregraphicstate.code.tex"
File: pgfcoregraphicstate.code.tex 2019/08/03 v3.1.4b (3.1.4b)
\pgflinewidth=\dimen159
)
("C:/Users/0-4/AppData/Local/Programs/MiKTeX 2.9/tex/generic/pgf/basiclayer/pgf
coretransformations.code.tex"
File: pgfcoretransformations.code.tex 2019/08/03 v3.1.4b (3.1.4b)
\pgf@pt@x=\dimen160
\pgf@pt@y=\dimen161
\pgf@pt@temp=\dimen162
)
("C:/Users/0-4/AppData/Local/Programs/MiKTeX 2.9/tex/generic/pgf/basiclayer/pgf
corequick.code.tex"
File: pgfcorequick.code.tex 2019/08/03 v3.1.4b (3.1.4b)
)
("C:/Users/0-4/AppData/Local/Programs/MiKTeX 2.9/tex/generic/pgf/basiclayer/pgf
coreobjects.code.tex"
File: pgfcoreobjects.code.tex 2019/08/03 v3.1.4b (3.1.4b)
)
("C:/Users/0-4/AppData/Local/Programs/MiKTeX 2.9/tex/generic/pgf/basiclayer/pgf
corepathprocessing.code.tex"
File: pgfcorepathprocessing.code.tex 2019/08/03 v3.1.4b (3.1.4b)
)
("C:/Users/0-4/AppData/Local/Programs/MiKTeX 2.9/tex/generic/pgf/basiclayer/pgf
corearrows.code.tex"
File: pgfcorearrows.code.tex 2019/08/03 v3.1.4b (3.1.4b)
\pgfarrowsep=\dimen163
)
("C:/Users/0-4/AppData/Local/Programs/MiKTeX 2.9/tex/generic/pgf/basiclayer/pgf
coreshade.code.tex"
File: pgfcoreshade.code.tex 2019/08/03 v3.1.4b (3.1.4b)
\pgf@max=\dimen164
\pgf@sys@shading@range@num=\count118
\pgf@shadingcount=\count119
)
("C:/Users/0-4/AppData/Local/Programs/MiKTeX 2.9/tex/generic/pgf/basiclayer/pgf
coreimage.code.tex"
File: pgfcoreimage.code.tex 2019/08/03 v3.1.4b (3.1.4b)

("C:/Users/0-4/AppData/Local/Programs/MiKTeX 2.9/tex/generic/pgf/basiclayer/pgf
coreexternal.code.tex"
File: pgfcoreexternal.code.tex 2019/08/03 v3.1.4b (3.1.4b)
\pgfexternal@startupbox=\box41
))
("C:/Users/0-4/AppData/Local/Programs/MiKTeX 2.9/tex/generic/pgf/basiclayer/pgf
corelayers.code.tex"
File: pgfcorelayers.code.tex 2019/08/03 v3.1.4b (3.1.4b)
)
("C:/Users/0-4/AppData/Local/Programs/MiKTeX 2.9/tex/generic/pgf/basiclayer/pgf
coretransparency.code.tex"
File: pgfcoretransparency.code.tex 2019/08/03 v3.1.4b (3.1.4b)
)
("C:/Users/0-4/AppData/Local/Programs/MiKTeX 2.9/tex/generic/pgf/basiclayer/pgf
corepatterns.code.tex"
File: pgfcorepatterns.code.tex 2019/08/03 v3.1.4b (3.1.4b)
)
("C:/Users/0-4/AppData/Local/Programs/MiKTeX 2.9/tex/generic/pgf/basiclayer/pgf
corerdf.code.tex"
File: pgfcorerdf.code.tex 2019/08/03 v3.1.4b (3.1.4b)
)))
("C:/Users/0-4/AppData/Local/Programs/MiKTeX 2.9/tex/latex/pgf/utilities/xxcolo
r.sty"
Package: xxcolor 2003/10/24 ver 0.1
\XC@nummixins=\count120
\XC@countmixins=\count121
)
("C:/Users/0-4/AppData/Local/Programs/MiKTeX 2.9/tex/generic/oberdiek/atbegshi.
sty"
Package: atbegshi 2016/06/09 v1.18 At begin shipout hook (HO)

("C:/Users/0-4/AppData/Local/Programs/MiKTeX 2.9/tex/generic/oberdiek/infwarerr
.sty"
Package: infwarerr 2016/05/16 v1.4 Providing info/warning/error messages (HO)
)
("C:/Users/0-4/AppData/Local/Programs/MiKTeX 2.9/tex/generic/oberdiek/ltxcmds.s
ty"
Package: ltxcmds 2016/05/16 v1.23 LaTeX kernel commands for general use (HO)
))
("C:/Users/0-4/AppData/Local/Programs/MiKTeX 2.9/tex/latex/hyperref/hyperref.st
y"
Package: hyperref 2018/11/30 v6.88e Hypertext links for LaTeX

("C:/Users/0-4/AppData/Local/Programs/MiKTeX 2.9/tex/generic/oberdiek/hobsub-hy
perref.sty"
Package: hobsub-hyperref 2016/05/16 v1.14 Bundle oberdiek, subset hyperref (HO)

("C:/Users/0-4/AppData/Local/Programs/MiKTeX 2.9/tex/generic/oberdiek/hobsub-ge
neric.sty"
Package: hobsub-generic 2016/05/16 v1.14 Bundle oberdiek, subset generic (HO)
Package: hobsub 2016/05/16 v1.14 Construct package bundles (HO)
Package hobsub Info: Skipping package `infwarerr' (already loaded).
Package hobsub Info: Skipping package `ltxcmds' (already loaded).
Package: ifluatex 2016/05/16 v1.4 Provides the ifluatex switch (HO)
Package ifluatex Info: LuaTeX detected.
Package hobsub Info: Skipping package `ifvtex' (already loaded).
Package: intcalc 2016/05/16 v1.2 Expandable calculations with integers (HO)
Package hobsub Info: Skipping package `ifpdf' (already loaded).
Package: etexcmds 2016/05/16 v1.6 Avoid name clashes with e-TeX commands (HO)
Package: kvsetkeys 2016/05/16 v1.17 Key value parser (HO)
Package: kvdefinekeys 2016/05/16 v1.4 Define keys (HO)
Package: luatex-loader 2016/05/16 v0.6 Lua module loader (HO)

(C:/Users/0-4/AppData/Local/Programs/MiKTeX 2.9/scripts/oberdiek/oberdiek.luatex
.lua)
Package: pdftexcmds 2018/09/10 v0.29 Utility functions of pdfTeX for LuaTeX (HO)

Package pdftexcmds Info: \pdf@primitive is available.
Package pdftexcmds Info: \pdf@ifprimitive is available.
Package pdftexcmds Info: \pdfdraftmode found.
\pdftexcmds@toks=\toks26
Package: pdfescape 2016/05/16 v1.14 Implements pdfTeX's escape features (HO)
Package: bigintcalc 2016/05/16 v1.4 Expandable calculations on big integers (HO)

Package: bitset 2016/05/16 v1.2 Handle bit-vector datatype (HO)
Package: uniquecounter 2016/05/16 v1.3 Provide unlimited unique counter (HO)
)
Package hobsub Info: Skipping package `hobsub' (already loaded).
Package: letltxmacro 2016/05/16 v1.5 Let assignment for LaTeX macros (HO)
Package: hopatch 2016/05/16 v1.3 Wrapper for package hooks (HO)
Package: xcolor-patch 2016/05/16 xcolor patch
Package: atveryend 2016/05/16 v1.9 Hooks at the very end of document (HO)
Package hobsub Info: Skipping package `atbegshi' (already loaded).
Package: refcount 2016/05/16 v3.5 Data extraction from label references (HO)
Package: hycolor 2016/05/16 v1.8 Color options for hyperref/bookmark (HO)
)
("C:/Users/0-4/AppData/Local/Programs/MiKTeX 2.9/tex/latex/oberdiek/auxhook.sty
"
Package: auxhook 2016/05/16 v1.4 Hooks for auxiliary files (HO)
)
("C:/Users/0-4/AppData/Local/Programs/MiKTeX 2.9/tex/latex/oberdiek/kvoptions.s
ty"
Package: kvoptions 2016/05/16 v3.12 Key value format for package options (HO)
)
\@linkdim=\dimen165
\Hy@linkcounter=\count122
\Hy@pagecounter=\count123

("C:/Users/0-4/AppData/Local/Programs/MiKTeX 2.9/tex/latex/hyperref/pd1enc.def"
File: pd1enc.def 2018/11/30 v6.88e Hyperref: PDFDocEncoding definition (HO)
)
\Hy@SavedSpaceFactor=\count124

("C:/Users/0-4/AppData/Local/Programs/MiKTeX 2.9/tex/latex/00miktex/hyperref.cf
g"
File: hyperref.cfg 2002/06/06 v1.2 hyperref configuration of TeXLive
)
Package hyperref Info: Option `bookmarks' set `true' on input line 4393.
Package hyperref Info: Option `bookmarksopen' set `true' on input line 4393.
Package hyperref Info: Option `implicit' set `false' on input line 4393.
Package hyperref Info: Hyper figures OFF on input line 4519.
Package hyperref Info: Link nesting OFF on input line 4524.
Package hyperref Info: Hyper index ON on input line 4527.
Package hyperref Info: Plain pages OFF on input line 4534.
Package hyperref Info: Backreferencing OFF on input line 4539.
Package hyperref Info: Implicit mode OFF; no redefinition of LaTeX internals.
Package hyperref Info: Bookmarks ON on input line 4772.
\c@Hy@tempcnt=\count125
 ("C:/Users/0-4/AppData/Local/Programs/MiKTeX 2.9/tex/latex/url/url.sty"
\Urlmuskip=\muskip10
Package: url 2013/09/16  ver 3.4  Verb mode for urls, etc.
)
LaTeX Info: Redefining \url on input line 5125.
\XeTeXLinkMargin=\dimen166
\Fld@menulength=\count126
\Field@Width=\dimen167
\Fld@charsize=\dimen168
Package hyperref Info: Hyper figures OFF on input line 6380.
Package hyperref Info: Link nesting OFF on input line 6385.
Package hyperref Info: Hyper index ON on input line 6388.
Package hyperref Info: backreferencing OFF on input line 6395.
Package hyperref Info: Link coloring OFF on input line 6400.
Package hyperref Info: Link coloring with OCG OFF on input line 6405.
Package hyperref Info: PDF/A mode OFF on input line 6410.
LaTeX Info: Redefining \ref on input line 6450.
LaTeX Info: Redefining \pageref on input line 6454.
\Hy@abspage=\count127


Package hyperref Message: Stopped early.

)
Package hyperref Info: Driver (autodetected): hluatex.

("C:/Users/0-4/AppData/Local/Programs/MiKTeX 2.9/tex/latex/hyperref/hluatex.def
"
File: hluatex.def 2018/11/30 v6.88e Hyperref driver for luaTeX
\Fld@listcount=\count128
\c@bookmark@seq@number=\count129

("C:/Users/0-4/AppData/Local/Programs/MiKTeX 2.9/tex/latex/oberdiek/rerunfilech
eck.sty"
Package: rerunfilecheck 2016/05/16 v1.8 Rerun checks for auxiliary files (HO)
Package uniquecounter Info: New unique counter `rerunfilecheck' on input line 28
2.
))
("C:/Users/0-4/AppData/Local/Programs/MiKTeX 2.9/tex/latex/beamer/beamerbasereq
uires.sty"
("C:/Users/0-4/AppData/Local/Programs/MiKTeX 2.9/tex/latex/beamer/beamerbasecom
patibility.sty")
("C:/Users/0-4/AppData/Local/Programs/MiKTeX 2.9/tex/latex/beamer/beamerbasefon
t.sty"
("C:/Users/0-4/AppData/Local/Programs/MiKTeX 2.9/tex/latex/amsfonts/amssymb.sty
"
Package: amssymb 2013/01/14 v3.01 AMS font symbols

("C:/Users/0-4/AppData/Local/Programs/MiKTeX 2.9/tex/latex/amsfonts/amsfonts.st
y"
Package: amsfonts 2013/01/14 v3.01 Basic AMSFonts support
\@emptytoks=\toks27
\symAMSa=\mathgroup4
\symAMSb=\mathgroup5
LaTeX Font Info:    Overwriting math alphabet `\mathfrak' in version `bold'
(Font)                  U/euf/m/n --> U/euf/b/n on input line 106.
))
("C:/Users/0-4/AppData/Local/Programs/MiKTeX 2.9/tex/latex/sansmathaccent/sansm
athaccent.sty"
Package: sansmathaccent 2013/03/28

("C:/Users/0-4/AppData/Local/Programs/MiKTeX 2.9/tex/latex/filehook/filehook.st
y"
Package: filehook 2019/10/03 v0.6 Hooks for input files
)))
("C:/Users/0-4/AppData/Local/Programs/MiKTeX 2.9/tex/latex/beamer/beamerbasetra
nslator.sty"
("C:/Users/0-4/AppData/Local/Programs/MiKTeX 2.9/tex/latex/translator/translato
r.sty"
Package: translator 2018/01/04 v1.12 Easy translation of strings in LaTeX
))
("C:/Users/0-4/AppData/Local/Programs/MiKTeX 2.9/tex/latex/beamer/beamerbasemis
c.sty")
("C:/Users/0-4/AppData/Local/Programs/MiKTeX 2.9/tex/latex/beamer/beamerbasetwo
screens.sty")
("C:/Users/0-4/AppData/Local/Programs/MiKTeX 2.9/tex/latex/beamer/beamerbaseove
rlay.sty"
\beamer@argscount=\count130
\beamer@lastskipcover=\skip44
\beamer@trivlistdepth=\count131
)
("C:/Users/0-4/AppData/Local/Programs/MiKTeX 2.9/tex/latex/beamer/beamerbasetit
le.sty")
("C:/Users/0-4/AppData/Local/Programs/MiKTeX 2.9/tex/latex/beamer/beamerbasesec
tion.sty"
\c@lecture=\count132
\c@part=\count133
\c@section=\count134
\c@subsection=\count135
\c@subsubsection=\count136
)
("C:/Users/0-4/AppData/Local/Programs/MiKTeX 2.9/tex/latex/beamer/beamerbasefra
me.sty"
\beamer@framebox=\box42
\beamer@frametitlebox=\box43
\beamer@zoombox=\box44
\beamer@zoomcount=\count137
\beamer@zoomframecount=\count138
\beamer@frametextheight=\dimen169
\c@subsectionslide=\count139
\beamer@frametopskip=\skip45
\beamer@framebottomskip=\skip46
\beamer@frametopskipautobreak=\skip47
\beamer@framebottomskipautobreak=\skip48
\beamer@envbody=\toks28
\framewidth=\dimen170
\c@framenumber=\count140
)
("C:/Users/0-4/AppData/Local/Programs/MiKTeX 2.9/tex/latex/beamer/beamerbasever
batim.sty"
\beamer@verbatimfileout=\write4
)
("C:/Users/0-4/AppData/Local/Programs/MiKTeX 2.9/tex/latex/beamer/beamerbasefra
mesize.sty"
\beamer@splitbox=\box45
\beamer@autobreakcount=\count141
\beamer@autobreaklastheight=\dimen171
\beamer@frametitletoks=\toks29
\beamer@framesubtitletoks=\toks30
)
("C:/Users/0-4/AppData/Local/Programs/MiKTeX 2.9/tex/latex/beamer/beamerbasefra
mecomponents.sty"
\beamer@footins=\box46
)
("C:/Users/0-4/AppData/Local/Programs/MiKTeX 2.9/tex/latex/beamer/beamerbasecol
or.sty")
("C:/Users/0-4/AppData/Local/Programs/MiKTeX 2.9/tex/latex/beamer/beamerbasenot
es.sty"
\beamer@frameboxcopy=\box47
)
("C:/Users/0-4/AppData/Local/Programs/MiKTeX 2.9/tex/latex/beamer/beamerbasetoc
.sty")
("C:/Users/0-4/AppData/Local/Programs/MiKTeX 2.9/tex/latex/beamer/beamerbasetem
plates.sty"
\beamer@sbttoks=\toks31

("C:/Users/0-4/AppData/Local/Programs/MiKTeX 2.9/tex/latex/beamer/beamerbaseaux
templates.sty"
("C:/Users/0-4/AppData/Local/Programs/MiKTeX 2.9/tex/latex/beamer/beamerbasebox
es.sty"
\bmb@box=\box48
\bmb@colorbox=\box49
\bmb@boxshadow=\box50
\bmb@boxshadowball=\box51
\bmb@boxshadowballlarge=\box52
\bmb@temp=\dimen172
\bmb@dima=\dimen173
\bmb@dimb=\dimen174
\bmb@prevheight=\dimen175
)
\beamer@blockheadheight=\dimen176
))
("C:/Users/0-4/AppData/Local/Programs/MiKTeX 2.9/tex/latex/beamer/beamerbaseloc
alstructure.sty"
("C:/Users/0-4/AppData/Local/Programs/MiKTeX 2.9/tex/latex/tools/enumerate.sty"
Package: enumerate 2015/07/23 v3.00 enumerate extensions (DPC)
\@enLab=\toks32
)
\c@figure=\count142
\c@table=\count143
\abovecaptionskip=\skip49
\belowcaptionskip=\skip50
)
("C:/Users/0-4/AppData/Local/Programs/MiKTeX 2.9/tex/latex/beamer/beamerbasenav
igation.sty"
\beamer@section@min@dim=\dimen177
)
("C:/Users/0-4/AppData/Local/Programs/MiKTeX 2.9/tex/latex/beamer/beamerbasethe
orems.sty"
("C:/Users/0-4/AppData/Local/Programs/MiKTeX 2.9/tex/latex/amsmath/amsmath.sty"
Package: amsmath 2018/12/01 v2.17b AMS math features
\@mathmargin=\skip51
For additional information on amsmath, use the `?' option.
("C:/Users/0-4/AppData/Local/Programs/MiKTeX 2.9/tex/latex/amsmath/amstext.sty"
Package: amstext 2000/06/29 v2.01 AMS text
("C:/Users/0-4/AppData/Local/Programs/MiKTeX 2.9/tex/latex/amsmath/amsgen.sty"
File: amsgen.sty 1999/11/30 v2.0 generic functions
\@emptytoks=\toks33
\ex@=\dimen178
)) ("C:/Users/0-4/AppData/Local/Programs/MiKTeX 2.9/tex/latex/amsmath/amsbsy.st
y"
Package: amsbsy 1999/11/29 v1.2d Bold Symbols
\pmbraise@=\dimen179
) ("C:/Users/0-4/AppData/Local/Programs/MiKTeX 2.9/tex/latex/amsmath/amsopn.sty
"
Package: amsopn 2016/03/08 v2.02 operator names
)
\inf@bad=\count144
LaTeX Info: Redefining \frac on input line 223.
\uproot@=\count145
\leftroot@=\count146
LaTeX Info: Redefining \overline on input line 385.
\classnum@=\count147
\DOTSCASE@=\count148
LaTeX Info: Redefining \ldots on input line 482.
LaTeX Info: Redefining \dots on input line 485.
LaTeX Info: Redefining \cdots on input line 606.
\Mathstrutbox@=\box53
\strutbox@=\box54
\big@size=\dimen180
LaTeX Font Info:    Redeclaring font encoding OML on input line 729.
LaTeX Font Info:    Redeclaring font encoding OMS on input line 730.
\macc@depth=\count149
\c@MaxMatrixCols=\count150
\dotsspace@=\muskip11
\c@parentequation=\count151
\dspbrk@lvl=\count152
\tag@help=\toks34
\row@=\count153
\column@=\count154
\maxfields@=\count155
\andhelp@=\toks35
\eqnshift@=\dimen181
\alignsep@=\dimen182
\tagshift@=\dimen183
\tagwidth@=\dimen184
\totwidth@=\dimen185
\lineht@=\dimen186
\@envbody=\toks36
\multlinegap=\skip52
\multlinetaggap=\skip53
\mathdisplay@stack=\toks37
LaTeX Info: Redefining \[ on input line 2844.
LaTeX Info: Redefining \] on input line 2845.
)
("C:/Users/0-4/AppData/Local/Programs/MiKTeX 2.9/tex/latex/amscls/amsthm.sty"
Package: amsthm 2017/10/31 v2.20.4
\thm@style=\toks38
\thm@bodyfont=\toks39
\thm@headfont=\toks40
\thm@notefont=\toks41
\thm@headpunct=\toks42
\thm@preskip=\skip54
\thm@postskip=\skip55
\thm@headsep=\skip56
\dth@everypar=\toks43
)
\c@theorem=\count156
)
("C:/Users/0-4/AppData/Local/Programs/MiKTeX 2.9/tex/latex/beamer/beamerbasethe
mes.sty"))
("C:/Users/0-4/AppData/Local/Programs/MiKTeX 2.9/tex/latex/beamer/beamerthemede
fault.sty"
("C:/Users/0-4/AppData/Local/Programs/MiKTeX 2.9/tex/latex/beamer/beamerfontthe
medefault.sty")
("C:/Users/0-4/AppData/Local/Programs/MiKTeX 2.9/tex/latex/beamer/beamercolorth
emedefault.sty")
("C:/Users/0-4/AppData/Local/Programs/MiKTeX 2.9/tex/latex/beamer/beamerinnerth
emedefault.sty"
\beamer@dima=\dimen187
\beamer@dimb=\dimen188
)
("C:/Users/0-4/AppData/Local/Programs/MiKTeX 2.9/tex/latex/beamer/beamerouterth
emedefault.sty"))) (./beamerthemefocus.sty
Package: beamerthemefocus 2018/07/15 v2.0 Focus Beamer theme

("C:/Users/0-4/AppData/Local/Programs/MiKTeX 2.9/tex/latex/base/fontenc.sty"
Package: fontenc 2018/08/11 v2.0j Standard LaTeX package

("C:/Users/0-4/AppData/Local/Programs/MiKTeX 2.9/tex/latex/base/t1enc.def"
File: t1enc.def 2018/08/11 v2.0j Standard LaTeX file
LaTeX Font Info:    Redeclaring font encoding T1 on input line 48.
)
LaTeX Font Info:    Try loading font information for T1+lmss on input line 105.

("C:/Users/0-4/AppData/Local/Programs/MiKTeX 2.9/tex/latex/lm/t1lmss.fd"
File: t1lmss.fd 2009/10/30 v1.6 Font defs for Latin Modern
))
("C:/Users/0-4/AppData/Local/Programs/MiKTeX 2.9/tex/latex/fira/FiraSans.sty"
Package: FiraSans 2019/10/10 (Bob Tennent and autoinst) Style file for Fira Sans
 fonts.

("C:/Users/0-4/AppData/Local/Programs/MiKTeX 2.9/tex/latex/xkeyval/xkeyval.sty"
Package: xkeyval 2014/12/03 v2.7a package option processing (HA)

("C:/Users/0-4/AppData/Local/Programs/MiKTeX 2.9/tex/generic/xkeyval/xkeyval.te
x"
("C:/Users/0-4/AppData/Local/Programs/MiKTeX 2.9/tex/generic/xkeyval/xkvutils.t
ex"
\XKV@toks=\toks44
\XKV@tempa@toks=\toks45
)
\XKV@depth=\count157
File: xkeyval.tex 2014/12/03 v2.7a key=value parser (HA)
))
("C:/Users/0-4/AppData/Local/Programs/MiKTeX 2.9/tex/latex/base/textcomp.sty"
Package: textcomp 2018/08/11 v2.0j Standard LaTeX package
Package textcomp Info: Sub-encoding information:
(textcomp)               5 = only ISO-Adobe without \textcurrency
(textcomp)               4 = 5 + \texteuro
(textcomp)               3 = 4 + \textohm
(textcomp)               2 = 3 + \textestimated + \textcurrency
(textcomp)               1 = TS1 - \textcircled - \t
(textcomp)               0 = TS1 (full)
(textcomp)             Font families with sub-encoding setting implement
(textcomp)             only a restricted character set as indicated.
(textcomp)             Family '?' is the default used for unknown fonts.
(textcomp)             See the documentation for details.
Package textcomp Info: Setting ? sub-encoding to TS1/1 on input line 79.

("C:/Users/0-4/AppData/Local/Programs/MiKTeX 2.9/tex/latex/base/ts1enc.def"
File: ts1enc.def 2001/06/05 v3.0e (jk/car/fm) Standard LaTeX file
)
LaTeX Info: Redefining \oldstylenums on input line 334.
Package textcomp Info: Setting cmr sub-encoding to TS1/0 on input line 349.
Package textcomp Info: Setting cmss sub-encoding to TS1/0 on input line 350.
Package textcomp Info: Setting cmtt sub-encoding to TS1/0 on input line 351.
Package textcomp Info: Setting cmvtt sub-encoding to TS1/0 on input line 352.
Package textcomp Info: Setting cmbr sub-encoding to TS1/0 on input line 353.
Package textcomp Info: Setting cmtl sub-encoding to TS1/0 on input line 354.
Package textcomp Info: Setting ccr sub-encoding to TS1/0 on input line 355.
Package textcomp Info: Setting ptm sub-encoding to TS1/4 on input line 356.
Package textcomp Info: Setting pcr sub-encoding to TS1/4 on input line 357.
Package textcomp Info: Setting phv sub-encoding to TS1/4 on input line 358.
Package textcomp Info: Setting ppl sub-encoding to TS1/3 on input line 359.
Package textcomp Info: Setting pag sub-encoding to TS1/4 on input line 360.
Package textcomp Info: Setting pbk sub-encoding to TS1/4 on input line 361.
Package textcomp Info: Setting pnc sub-encoding to TS1/4 on input line 362.
Package textcomp Info: Setting pzc sub-encoding to TS1/4 on input line 363.
Package textcomp Info: Setting bch sub-encoding to TS1/4 on input line 364.
Package textcomp Info: Setting put sub-encoding to TS1/5 on input line 365.
Package textcomp Info: Setting uag sub-encoding to TS1/5 on input line 366.
Package textcomp Info: Setting ugq sub-encoding to TS1/5 on input line 367.
Package textcomp Info: Setting ul8 sub-encoding to TS1/4 on input line 368.
Package textcomp Info: Setting ul9 sub-encoding to TS1/4 on input line 369.
Package textcomp Info: Setting augie sub-encoding to TS1/5 on input line 370.
Package textcomp Info: Setting dayrom sub-encoding to TS1/3 on input line 371.
Package textcomp Info: Setting dayroms sub-encoding to TS1/3 on input line 372.
Package textcomp Info: Setting pxr sub-encoding to TS1/0 on input line 373.
Package textcomp Info: Setting pxss sub-encoding to TS1/0 on input line 374.
Package textcomp Info: Setting pxtt sub-encoding to TS1/0 on input line 375.
Package textcomp Info: Setting txr sub-encoding to TS1/0 on input line 376.
Package textcomp Info: Setting txss sub-encoding to TS1/0 on input line 377.
Package textcomp Info: Setting txtt sub-encoding to TS1/0 on input line 378.
Package textcomp Info: Setting lmr sub-encoding to TS1/0 on input line 379.
Package textcomp Info: Setting lmdh sub-encoding to TS1/0 on input line 380.
Package textcomp Info: Setting lmss sub-encoding to TS1/0 on input line 381.
Package textcomp Info: Setting lmssq sub-encoding to TS1/0 on input line 382.
Package textcomp Info: Setting lmvtt sub-encoding to TS1/0 on input line 383.
Package textcomp Info: Setting lmtt sub-encoding to TS1/0 on input line 384.
Package textcomp Info: Setting qhv sub-encoding to TS1/0 on input line 385.
Package textcomp Info: Setting qag sub-encoding to TS1/0 on input line 386.
Package textcomp Info: Setting qbk sub-encoding to TS1/0 on input line 387.
Package textcomp Info: Setting qcr sub-encoding to TS1/0 on input line 388.
Package textcomp Info: Setting qcs sub-encoding to TS1/0 on input line 389.
Package textcomp Info: Setting qpl sub-encoding to TS1/0 on input line 390.
Package textcomp Info: Setting qtm sub-encoding to TS1/0 on input line 391.
Package textcomp Info: Setting qzc sub-encoding to TS1/0 on input line 392.
Package textcomp Info: Setting qhvc sub-encoding to TS1/0 on input line 393.
Package textcomp Info: Setting futs sub-encoding to TS1/4 on input line 394.
Package textcomp Info: Setting futx sub-encoding to TS1/4 on input line 395.
Package textcomp Info: Setting futj sub-encoding to TS1/4 on input line 396.
Package textcomp Info: Setting hlh sub-encoding to TS1/3 on input line 397.
Package textcomp Info: Setting hls sub-encoding to TS1/3 on input line 398.
Package textcomp Info: Setting hlst sub-encoding to TS1/3 on input line 399.
Package textcomp Info: Setting hlct sub-encoding to TS1/5 on input line 400.
Package textcomp Info: Setting hlx sub-encoding to TS1/5 on input line 401.
Package textcomp Info: Setting hlce sub-encoding to TS1/5 on input line 402.
Package textcomp Info: Setting hlcn sub-encoding to TS1/5 on input line 403.
Package textcomp Info: Setting hlcw sub-encoding to TS1/5 on input line 404.
Package textcomp Info: Setting hlcf sub-encoding to TS1/5 on input line 405.
Package textcomp Info: Setting pplx sub-encoding to TS1/3 on input line 406.
Package textcomp Info: Setting pplj sub-encoding to TS1/3 on input line 407.
Package textcomp Info: Setting ptmx sub-encoding to TS1/4 on input line 408.
Package textcomp Info: Setting ptmj sub-encoding to TS1/4 on input line 409.
)
("C:/Users/0-4/AppData/Local/Programs/MiKTeX 2.9/tex/latex/mweights/mweights.st
y"
Package: mweights 2017/03/30 (Bob Tennent) Support package for multiple-weight f
ont packages. 
LaTeX Info: Redefining \bfseries on input line 22.
LaTeX Info: Redefining \mdseries on input line 30.
LaTeX Info: Redefining \rmfamily on input line 38.
LaTeX Info: Redefining \sffamily on input line 66.
LaTeX Info: Redefining \ttfamily on input line 94.
)
("C:/Users/0-4/AppData/Local/Programs/MiKTeX 2.9/tex/latex/fontaxes/fontaxes.st
y"
Package: fontaxes 2014/03/23 v1.0d Font selection axes
LaTeX Info: Redefining \upshape on input line 29.
LaTeX Info: Redefining \itshape on input line 31.
LaTeX Info: Redefining \slshape on input line 33.
LaTeX Info: Redefining \scshape on input line 37.
))
("C:/Users/0-4/AppData/Local/Programs/MiKTeX 2.9/tex/latex/fira/FiraMono.sty"
Package: FiraMono 2019/10/10 (Bob Tennent and autoinst) Style file for Fira Mono
 fonts.

("C:/Users/0-4/AppData/Local/Programs/MiKTeX 2.9/tex/latex/base/fontenc.sty"
Package: fontenc 2018/08/11 v2.0j Standard LaTeX package
))
(./beamercolorthemefocus.sty) (./beamerfontthemefocus.sty)
(./beamerinnerthemefocus.sty
("C:/Users/0-4/AppData/Local/Programs/MiKTeX 2.9/tex/latex/pgf/frontendlayer/ti
kz.sty"
("C:/Users/0-4/AppData/Local/Programs/MiKTeX 2.9/tex/latex/pgf/basiclayer/pgf.s
ty"
Package: pgf 2019/08/03 v3.1.4b (3.1.4b)

("C:/Users/0-4/AppData/Local/Programs/MiKTeX 2.9/tex/generic/pgf/modules/pgfmod
uleshapes.code.tex"
File: pgfmoduleshapes.code.tex 2019/08/03 v3.1.4b (3.1.4b)
\pgfnodeparttextbox=\box55
)
("C:/Users/0-4/AppData/Local/Programs/MiKTeX 2.9/tex/generic/pgf/modules/pgfmod
uleplot.code.tex"
File: pgfmoduleplot.code.tex 2019/08/03 v3.1.4b (3.1.4b)
)
("C:/Users/0-4/AppData/Local/Programs/MiKTeX 2.9/tex/latex/pgf/compatibility/pg
fcomp-version-0-65.sty"
Package: pgfcomp-version-0-65 2019/08/03 v3.1.4b (3.1.4b)
\pgf@nodesepstart=\dimen189
\pgf@nodesepend=\dimen190
)
("C:/Users/0-4/AppData/Local/Programs/MiKTeX 2.9/tex/latex/pgf/compatibility/pg
fcomp-version-1-18.sty"
Package: pgfcomp-version-1-18 2019/08/03 v3.1.4b (3.1.4b)
))
("C:/Users/0-4/AppData/Local/Programs/MiKTeX 2.9/tex/latex/pgf/utilities/pgffor
.sty"
("C:/Users/0-4/AppData/Local/Programs/MiKTeX 2.9/tex/latex/pgf/utilities/pgfkey
s.sty"
("C:/Users/0-4/AppData/Local/Programs/MiKTeX 2.9/tex/generic/pgf/utilities/pgfk
eys.code.tex"))
("C:/Users/0-4/AppData/Local/Programs/MiKTeX 2.9/tex/latex/pgf/math/pgfmath.sty
"
("C:/Users/0-4/AppData/Local/Programs/MiKTeX 2.9/tex/generic/pgf/math/pgfmath.c
ode.tex"))
("C:/Users/0-4/AppData/Local/Programs/MiKTeX 2.9/tex/generic/pgf/utilities/pgff
or.code.tex"
Package: pgffor 2019/08/03 v3.1.4b (3.1.4b)

("C:/Users/0-4/AppData/Local/Programs/MiKTeX 2.9/tex/generic/pgf/math/pgfmath.c
ode.tex")
\pgffor@iter=\dimen191
\pgffor@skip=\dimen192
\pgffor@stack=\toks46
\pgffor@toks=\toks47
))
("C:/Users/0-4/AppData/Local/Programs/MiKTeX 2.9/tex/generic/pgf/frontendlayer/
tikz/tikz.code.tex"
Package: tikz 2019/08/03 v3.1.4b (3.1.4b)

("C:/Users/0-4/AppData/Local/Programs/MiKTeX 2.9/tex/generic/pgf/libraries/pgfl
ibraryplothandlers.code.tex"
File: pgflibraryplothandlers.code.tex 2019/08/03 v3.1.4b (3.1.4b)
\pgf@plot@mark@count=\count158
\pgfplotmarksize=\dimen193
)
\tikz@lastx=\dimen194
\tikz@lasty=\dimen195
\tikz@lastxsaved=\dimen196
\tikz@lastysaved=\dimen197
\tikz@lastmovetox=\dimen198
\tikz@lastmovetoy=\dimen199
\tikzleveldistance=\dimen256
\tikzsiblingdistance=\dimen257
\tikz@figbox=\box56
\tikz@figbox@bg=\box57
\tikz@tempbox=\box58
\tikz@tempbox@bg=\box59
\tikztreelevel=\count159
\tikznumberofchildren=\count160
\tikznumberofcurrentchild=\count161
\tikz@fig@count=\count162

("C:/Users/0-4/AppData/Local/Programs/MiKTeX 2.9/tex/generic/pgf/modules/pgfmod
ulematrix.code.tex"
File: pgfmodulematrix.code.tex 2019/08/03 v3.1.4b (3.1.4b)
\pgfmatrixcurrentrow=\count163
\pgfmatrixcurrentcolumn=\count164
\pgf@matrix@numberofcolumns=\count165
)
\tikz@expandcount=\count166

("C:/Users/0-4/AppData/Local/Programs/MiKTeX 2.9/tex/generic/pgf/frontendlayer/
tikz/libraries/tikzlibrarytopaths.code.tex"
File: tikzlibrarytopaths.code.tex 2019/08/03 v3.1.4b (3.1.4b)
)))) (./beamerouterthemefocus.sty
("C:/Users/0-4/AppData/Local/Programs/MiKTeX 2.9/tex/latex/appendixnumberbeamer
/appendixnumberbeamer.sty")
\focus@pbar@height=\skip57
\focus@pbar@leftoffset=\skip58
\focus@pbar@rightoffset=\skip59
))
("C:/Users/0-4/AppData/Local/Programs/MiKTeX 2.9/tex/latex/booktabs/booktabs.st
y"
Package: booktabs 2005/04/14 v1.61803 publication quality tables
\heavyrulewidth=\dimen258
\lightrulewidth=\dimen259
\cmidrulewidth=\dimen260
\belowrulesep=\dimen261
\belowbottomsep=\dimen262
\aboverulesep=\dimen263
\abovetopsep=\dimen264
\cmidrulesep=\dimen265
\cmidrulekern=\dimen266
\defaultaddspace=\dimen267
\@cmidla=\count167
\@cmidlb=\count168
\@aboverulesep=\dimen268
\@belowrulesep=\dimen269
\@thisruleclass=\count169
\@lastruleclass=\count170
\@thisrulewidth=\dimen270
) (./template.aux)
\openout1 = template.aux

LaTeX Font Info:    Checking defaults for OML/cmm/m/it on input line 56.
LaTeX Font Info:    ... okay on input line 56.
LaTeX Font Info:    Checking defaults for T1/cmr/m/n on input line 56.
LaTeX Font Info:    ... okay on input line 56.
LaTeX Font Info:    Checking defaults for OT1/cmr/m/n on input line 56.
LaTeX Font Info:    ... okay on input line 56.
LaTeX Font Info:    Checking defaults for OMS/cmsy/m/n on input line 56.
LaTeX Font Info:    ... okay on input line 56.
LaTeX Font Info:    Checking defaults for TU/lmr/m/n on input line 56.
LaTeX Font Info:    ... okay on input line 56.
LaTeX Font Info:    Checking defaults for OMX/cmex/m/n on input line 56.
LaTeX Font Info:    ... okay on input line 56.
LaTeX Font Info:    Checking defaults for U/cmr/m/n on input line 56.
LaTeX Font Info:    ... okay on input line 56.
LaTeX Font Info:    Checking defaults for PD1/pdf/m/n on input line 56.
LaTeX Font Info:    ... okay on input line 56.
LaTeX Font Info:    Checking defaults for TS1/cmr/m/n on input line 56.
LaTeX Font Info:    Try loading font information for TS1+cmr on input line 56.

("C:/Users/0-4/AppData/Local/Programs/MiKTeX 2.9/tex/latex/base/ts1cmr.fd"
File: ts1cmr.fd 2014/09/29 v2.5h Standard LaTeX font definitions
)
LaTeX Font Info:    ... okay on input line 56.
LaTeX Font Info:    Try loading font information for T1+FiraSans-OsF on input li
ne 56.

("C:/Users/0-4/AppData/Local/Programs/MiKTeX 2.9/tex/latex/fira/t1firasans-osf.
fd"
File: T1FiraSans-OsF.fd 2019/10/10 (autoinst) Font definitions for T1/FiraSans-O
sF.
)
LaTeX Font Info:    Font shape `T1/FiraSans-OsF/m/n' in size <10.95> not availab
le
(Font)              Font shape `T1/FiraSans-OsF/regular/n' tried instead on inpu
t line 56.
LaTeX Font Info:    Font shape `T1/FiraSans-OsF/regular/n' will be
(Font)              scaled to size 10.95pt on input line 56.

*geometry* driver: auto-detecting
*geometry* detected driver: luatex
*geometry* verbose mode - [ preamble ] result:
* driver: luatex
* paper: custom
* layout: <same size as paper>
* layoutoffset:(h,v)=(0.0pt,0.0pt)
* modes: includehead includefoot 
* h-part:(L,W,R)=(21.33955pt, 321.51625pt, 21.33955pt)
* v-part:(T,H,B)=(0.0pt, 273.14662pt, 0.0pt)
* \paperwidth=364.19536pt
* \paperheight=273.14662pt
* \textwidth=321.51625pt
* \textheight=244.6939pt
* \oddsidemargin=-50.93044pt
* \evensidemargin=-50.93044pt
* \topmargin=-72.26999pt
* \headheight=14.22636pt
* \headsep=0.0pt
* \topskip=11.0pt
* \footskip=14.22636pt
* \marginparwidth=4.0pt
* \marginparsep=10.0pt
* \columnsep=10.0pt
* \skip\footins=10.0pt plus 4.0pt minus 2.0pt
* \hoffset=0.0pt
* \voffset=0.0pt
* \mag=1000
* \@twocolumnfalse
* \@twosidefalse
* \@mparswitchfalse
* \@reversemarginfalse
* (1in=72.27pt=25.4mm, 1cm=28.453pt)


("C:/Users/0-4/AppData/Local/Programs/MiKTeX 2.9/tex/context/base/mkii/supp-pdf
.mkii"
[Loading MPS to PDF converter (version 2006.09.02).]
\scratchcounter=\count171
\scratchdimen=\dimen271
\scratchbox=\box60
\nofMPsegments=\count172
\nofMParguments=\count173
\everyMPshowfont=\toks48
\MPscratchCnt=\count174
\MPscratchDim=\dimen272
\MPnumerator=\count175
\makeMPintoPDFobject=\count176
\everyMPtoPDFconversion=\toks49
)
("C:/Users/0-4/AppData/Local/Programs/MiKTeX 2.9/tex/latex/oberdiek/epstopdf-ba
se.sty"
Package: epstopdf-base 2016/05/15 v2.6 Base part for package epstopdf

("C:/Users/0-4/AppData/Local/Programs/MiKTeX 2.9/tex/latex/oberdiek/grfext.sty"
Package: grfext 2016/05/16 v1.2 Manage graphics extensions (HO)
)
Package epstopdf-base Info: Redefining graphics rule for `.eps' on input line 43
8.
Package grfext Info: Graphics extension search list:
(grfext)             [.pdf,.png,.jpg,.mps,.jpeg,.jbig2,.jb2,.PDF,.PNG,.JPG,.JPEG
,.JBIG2,.JB2,.eps]
(grfext)             \AppendGraphicsExtensions on input line 456.
) ABD: EveryShipout initializing macros
\AtBeginShipoutBox=\box61
Package hyperref Info: Link coloring OFF on input line 56.

("C:/Users/0-4/AppData/Local/Programs/MiKTeX 2.9/tex/latex/hyperref/nameref.sty
"
Package: nameref 2016/05/21 v2.44 Cross-referencing by name of section

("C:/Users/0-4/AppData/Local/Programs/MiKTeX 2.9/tex/generic/oberdiek/gettitles
tring.sty"
Package: gettitlestring 2016/05/16 v1.5 Cleanup title references (HO)
)
\c@section@level=\count177
)
LaTeX Info: Redefining \ref on input line 56.
LaTeX Info: Redefining \pageref on input line 56.
LaTeX Info: Redefining \nameref on input line 56.
 (./template.out) (./template.out)
\@outlinefile=\write5

\openout5 = template.out
LaTeX Font Info:    Overwriting symbol font `operators' in version `normal'
(Font)                  OT1/cmr/m/n --> OT1/cmss/m/n on input line 56.
LaTeX Font Info:    Overwriting symbol font `operators' in version `bold'
(Font)                  OT1/cmr/bx/n --> OT1/cmss/bx/n on input line 56.
\symnumbers=\mathgroup6
\sympureletters=\mathgroup7
LaTeX Font Info:    Overwriting math alphabet `\mathrm' in version `normal'
(Font)                  OT1/cmss/m/n --> T1/lmr/m/n on input line 56.
LaTeX Font Info:    Redeclaring math alphabet \mathbf on input line 56.
LaTeX Font Info:    Overwriting math alphabet `\mathbf' in version `normal'
(Font)                  OT1/cmr/bx/n --> T1/FiraSans-OsF/bx/n on input line 56.
LaTeX Font Info:    Overwriting math alphabet `\mathbf' in version `bold'
(Font)                  OT1/cmr/bx/n --> T1/FiraSans-OsF/bx/n on input line 56.
LaTeX Font Info:    Redeclaring math alphabet \mathsf on input line 56.
LaTeX Font Info:    Overwriting math alphabet `\mathsf' in version `normal'
(Font)                  OT1/cmss/m/n --> T1/FiraSans-OsF/m/n on input line 56.
LaTeX Font Info:    Overwriting math alphabet `\mathsf' in version `bold'
(Font)                  OT1/cmss/bx/n --> T1/FiraSans-OsF/m/n on input line 56.
LaTeX Font Info:    Redeclaring math alphabet \mathit on input line 56.
LaTeX Font Info:    Overwriting math alphabet `\mathit' in version `normal'
(Font)                  OT1/cmr/m/it --> T1/FiraSans-OsF/m/it on input line 56.
LaTeX Font Info:    Overwriting math alphabet `\mathit' in version `bold'
(Font)                  OT1/cmr/bx/it --> T1/FiraSans-OsF/m/it on input line 56.

LaTeX Font Info:    Redeclaring math alphabet \mathtt on input line 56.
LaTeX Font Info:    Overwriting math alphabet `\mathtt' in version `normal'
(Font)                  OT1/cmtt/m/n --> T1/FiraMono-TOsF/m/n on input line 56.
LaTeX Font Info:    Overwriting math alphabet `\mathtt' in version `bold'
(Font)                  OT1/cmtt/m/n --> T1/FiraMono-TOsF/m/n on input line 56.
LaTeX Font Info:    Overwriting symbol font `numbers' in version `bold'
(Font)                  T1/FiraSans-OsF/m/n --> T1/FiraSans-OsF/bx/n on input li
ne 56.
LaTeX Font Info:    Overwriting symbol font `pureletters' in version `bold'
(Font)                  T1/FiraSans-OsF/m/it --> T1/FiraSans-OsF/bx/it on input 
line 56.
LaTeX Font Info:    Overwriting math alphabet `\mathrm' in version `bold'
(Font)                  OT1/cmss/bx/n --> T1/lmr/bx/n on input line 56.
LaTeX Font Info:    Overwriting math alphabet `\mathbf' in version `bold'
(Font)                  T1/FiraSans-OsF/bx/n --> T1/FiraSans-OsF/bx/n on input l
ine 56.
LaTeX Font Info:    Overwriting math alphabet `\mathsf' in version `bold'
(Font)                  T1/FiraSans-OsF/m/n --> T1/FiraSans-OsF/bx/n on input li
ne 56.
LaTeX Font Info:    Overwriting math alphabet `\mathit' in version `bold'
(Font)                  T1/FiraSans-OsF/m/it --> T1/FiraSans-OsF/bx/it on input 
line 56.
LaTeX Font Info:    Overwriting math alphabet `\mathtt' in version `bold'
(Font)                  T1/FiraMono-TOsF/m/n --> T1/FiraMono-TOsF/bx/n on input 
line 56.

("C:/Users/0-4/AppData/Local/Programs/MiKTeX 2.9/tex/latex/translator/translato
r-basic-dictionary-English.dict"
Dictionary: translator-basic-dictionary, Language: English 
)
("C:/Users/0-4/AppData/Local/Programs/MiKTeX 2.9/tex/latex/translator/translato
r-bibliography-dictionary-English.dict"
Dictionary: translator-bibliography-dictionary, Language: English 
)
("C:/Users/0-4/AppData/Local/Programs/MiKTeX 2.9/tex/latex/translator/translato
r-environment-dictionary-English.dict"
Dictionary: translator-environment-dictionary, Language: English 
)
("C:/Users/0-4/AppData/Local/Programs/MiKTeX 2.9/tex/latex/translator/translato
r-months-dictionary-English.dict"
Dictionary: translator-months-dictionary, Language: English 
)
("C:/Users/0-4/AppData/Local/Programs/MiKTeX 2.9/tex/latex/translator/translato
r-numbers-dictionary-English.dict"
Dictionary: translator-numbers-dictionary, Language: English 
)
("C:/Users/0-4/AppData/Local/Programs/MiKTeX 2.9/tex/latex/translator/translato
r-theorem-dictionary-English.dict"
Dictionary: translator-theorem-dictionary, Language: English 
)
\c@mv@tabular=\count178
\c@mv@boldtabular=\count179
 (./template.nav)
LaTeX Font Info:    Font shape `T1/FiraSans-OsF/m/n' in size <6> not available
(Font)              Font shape `T1/FiraSans-OsF/regular/n' tried instead on inpu
t line 56.
LaTeX Font Info:    Font shape `T1/FiraSans-OsF/regular/n' will be
(Font)              scaled to size 6.0pt on input line 56.
LaTeX Font Info:    Font shape `T1/FiraSans-OsF/m/n' in size <8> not available
(Font)              Font shape `T1/FiraSans-OsF/regular/n' tried instead on inpu
t line 56.
LaTeX Font Info:    Font shape `T1/FiraSans-OsF/regular/n' will be
(Font)              scaled to size 8.0pt on input line 56.
LaTeX Font Info:    Font shape `T1/FiraSans-OsF/m/n' in size <20.74> not availab
le
(Font)              Font shape `T1/FiraSans-OsF/regular/n' tried instead on inpu
t line 62.
LaTeX Font Info:    Font shape `T1/FiraSans-OsF/regular/n' will be
(Font)              scaled to size 20.74pt on input line 62.
LaTeX Font Info:    Font shape `T1/FiraSans-OsF/m/sc' in size <20.74> not availa
ble
(Font)              Font shape `T1/FiraSans-OsF/regular/sc' tried instead on inp
ut line 62.
LaTeX Font Info:    Font shape `T1/FiraSans-OsF/regular/sc' will be
(Font)              scaled to size 20.74pt on input line 62.
LaTeX Font Info:    Font shape `T1/FiraSans-OsF/b/sc' in size <20.74> not availa
ble
(Font)              Font shape `T1/FiraSans-OsF/bold/sc' tried instead on input 
line 62.
LaTeX Font Info:    Font shape `T1/FiraSans-OsF/bold/sc' will be
(Font)              scaled to size 20.74pt on input line 62.

Underfull \hbox (badness 3009) in paragraph at lines 62--62
[]\T1/FiraSans-OsF/bold/sc/20.74 A com-par-i-son of meta-learning
 []

LaTeX Font Info:    Font shape `T1/FiraSans-OsF/m/n' in size <14.4> not availabl
e
(Font)              Font shape `T1/FiraSans-OsF/regular/n' tried instead on inpu
t line 62.
LaTeX Font Info:    Font shape `T1/FiraSans-OsF/regular/n' will be
(Font)              scaled to size 14.4pt on input line 62.
LaTeX Font Info:    Font shape `T1/FiraSans-OsF/m/sc' in size <14.4> not availab
le
(Font)              Font shape `T1/FiraSans-OsF/regular/sc' tried instead on inp
ut line 62.
LaTeX Font Info:    Font shape `T1/FiraSans-OsF/regular/sc' will be
(Font)              scaled to size 14.4pt on input line 62.
LaTeX Font Info:    Font shape `T1/FiraSans-OsF/m/n' in size <12> not available
(Font)              Font shape `T1/FiraSans-OsF/regular/n' tried instead on inpu
t line 62.
LaTeX Font Info:    Font shape `T1/FiraSans-OsF/regular/n' will be
(Font)              scaled to size 12.0pt on input line 62.
LaTeX Font Info:    Font shape `T1/FiraSans-OsF/m/sc' in size <12> not available

(Font)              Font shape `T1/FiraSans-OsF/regular/sc' tried instead on inp
ut line 62.
LaTeX Font Info:    Font shape `T1/FiraSans-OsF/regular/sc' will be
(Font)              scaled to size 12.0pt on input line 62.

Overfull \vbox (10.51482pt too high) detected at line 62
 []

LaTeX Font Info:    Font shape `T1/FiraSans-OsF/m/n' in size <4> not available
(Font)              Font shape `T1/FiraSans-OsF/regular/n' tried instead on inpu
t line 62.
LaTeX Font Info:    Font shape `T1/FiraSans-OsF/regular/n' will be
(Font)              scaled to size 4.0pt on input line 62.
[1

{C:/Users/0-4/AppData/Local/MiKTeX/2.9/pdftex/config/pdftex.map}] [2

]
LaTeX Font Info:    Font shape `T1/FiraSans-OsF/m/n' in size <10> not available
(Font)              Font shape `T1/FiraSans-OsF/regular/n' tried instead on inpu
t line 96.
LaTeX Font Info:    Font shape `T1/FiraSans-OsF/regular/n' will be
(Font)              scaled to size 10.0pt on input line 96.
LaTeX Font Info:    Try loading font information for U+msa on input line 96.

("C:/Users/0-4/AppData/Local/Programs/MiKTeX 2.9/tex/latex/amsfonts/umsa.fd"
File: umsa.fd 2013/01/14 v3.01 AMS symbols A
)
LaTeX Font Info:    Try loading font information for U+msb on input line 96.

("C:/Users/0-4/AppData/Local/Programs/MiKTeX 2.9/tex/latex/amsfonts/umsb.fd"
File: umsb.fd 2013/01/14 v3.01 AMS symbols B
)
LaTeX Font Info:    Font shape `T1/FiraSans-OsF/m/n' in size <7> not available
(Font)              Font shape `T1/FiraSans-OsF/regular/n' tried instead on inpu
t line 96.
LaTeX Font Info:    Font shape `T1/FiraSans-OsF/regular/n' will be
(Font)              scaled to size 7.0pt on input line 96.
LaTeX Font Info:    Font shape `T1/FiraSans-OsF/m/n' in size <5> not available
(Font)              Font shape `T1/FiraSans-OsF/regular/n' tried instead on inpu
t line 96.
LaTeX Font Info:    Font shape `T1/FiraSans-OsF/regular/n' will be
(Font)              scaled to size 5.0pt on input line 96.
LaTeX Font Info:    Font shape `T1/FiraSans-OsF/m/it' in size <10> not available

(Font)              Font shape `T1/FiraSans-OsF/regular/it' tried instead on inp
ut line 96.
LaTeX Font Info:    Font shape `T1/FiraSans-OsF/regular/it' will be
(Font)              scaled to size 10.0pt on input line 96.
LaTeX Font Info:    Font shape `T1/FiraSans-OsF/m/it' in size <7> not available
(Font)              Font shape `T1/FiraSans-OsF/regular/it' tried instead on inp
ut line 96.
LaTeX Font Info:    Font shape `T1/FiraSans-OsF/regular/it' will be
(Font)              scaled to size 7.0pt on input line 96.
LaTeX Font Info:    Font shape `T1/FiraSans-OsF/m/it' in size <5> not available
(Font)              Font shape `T1/FiraSans-OsF/regular/it' tried instead on inp
ut line 96.
LaTeX Font Info:    Font shape `T1/FiraSans-OsF/regular/it' will be
(Font)              scaled to size 5.0pt on input line 96.

[3

]
LaTeX Font Info:    Font shape `T1/FiraSans-OsF/m/n' in size <9> not available
(Font)              Font shape `T1/FiraSans-OsF/regular/n' tried instead on inpu
t line 128.
LaTeX Font Info:    Font shape `T1/FiraSans-OsF/regular/n' will be
(Font)              scaled to size 9.0pt on input line 128.
LaTeX Font Info:    Font shape `T1/FiraSans-OsF/m/it' in size <9> not available
(Font)              Font shape `T1/FiraSans-OsF/regular/it' tried instead on inp
ut line 128.
LaTeX Font Info:    Font shape `T1/FiraSans-OsF/regular/it' will be
(Font)              scaled to size 9.0pt on input line 128.
LaTeX Font Info:    Font shape `T1/FiraSans-OsF/m/it' in size <6> not available
(Font)              Font shape `T1/FiraSans-OsF/regular/it' tried instead on inp
ut line 128.
LaTeX Font Info:    Font shape `T1/FiraSans-OsF/regular/it' will be
(Font)              scaled to size 6.0pt on input line 128.
 [4

]
LaTeX Font Info:    Font shape `T1/FiraSans-OsF/b/n' in size <10> not available
(Font)              Font shape `T1/FiraSans-OsF/bold/n' tried instead on input l
ine 159.
LaTeX Font Info:    Font shape `T1/FiraSans-OsF/bold/n' will be
(Font)              scaled to size 10.0pt on input line 159.
 [5

] [6

] [7

] [8

]
LaTeX Font Info:    Font shape `T1/FiraSans-OsF/b/n' in size <10.95> not availab
le
(Font)              Font shape `T1/FiraSans-OsF/bold/n' tried instead on input l
ine 275.
LaTeX Font Info:    Font shape `T1/FiraSans-OsF/bold/n' will be
(Font)              scaled to size 10.95pt on input line 275.
LaTeX Font Info:    Font shape `T1/FiraSans-OsF/m/it' in size <10.95> not availa
ble
(Font)              Font shape `T1/FiraSans-OsF/regular/it' tried instead on inp
ut line 275.
LaTeX Font Info:    Font shape `T1/FiraSans-OsF/regular/it' will be
(Font)              scaled to size 10.95pt on input line 275.
LaTeX Font Info:    Font shape `T1/FiraSans-OsF/m/it' in size <8> not available
(Font)              Font shape `T1/FiraSans-OsF/regular/it' tried instead on inp
ut line 275.
LaTeX Font Info:    Font shape `T1/FiraSans-OsF/regular/it' will be
(Font)              scaled to size 8.0pt on input line 275.
 [9

] [10

] [11

] [12

] [13

]
Overfull \hbox (97.59358pt too wide) in paragraph at lines 414--414
 [] 
 []


Overfull \vbox (311.98582pt too high) detected at line 414
 []

[14

] [15

]
LaTeX Font Info:    Font shape `T1/FiraSans-OsF/m/it' in size <14.4> not availab
le
(Font)              Font shape `T1/FiraSans-OsF/regular/it' tried instead on inp
ut line 446.
LaTeX Font Info:    Font shape `T1/FiraSans-OsF/regular/it' will be
(Font)              scaled to size 14.4pt on input line 446.
 [16

] [17

] [18

] [19

] [20

] [21

]
\tf@nav=\write6

\openout6 = template.nav
\tf@toc=\write7

\openout7 = template.toc
\tf@snm=\write8

\openout8 = template.snm
Package atveryend Info: Empty hook `BeforeClearDocument' on input line 514.
Package atveryend Info: Empty hook `AfterLastShipout' on input line 514.
 (./template.aux)
Package atveryend Info: Executing hook `AtVeryEndDocument' on input line 514.
Package atveryend Info: Executing hook `AtEndAfterFileList' on input line 514.
Package rerunfilecheck Info: File `template.out' has not changed.
(rerunfilecheck)             Checksum: D41D8CD98F00B204E9800998ECF8427E;0.
)

Here is how much of LuaTeX's memory you used:
 22853 strings out of 494300
 100000,552014 words of node,token memory allocated
 3593 words of node memory still in use:
   17 hlist, 8 vlist, 5 rule, 2 disc, 1 local_par, 26 glue, 353 kern, 8 penalty,
 13 glyph, 199 attribute, 59 glue_spec, 199 attribute_list, 4 write, 16 pdf_colo
rstack nodes
   avail lists: 1:3,2:1682,3:234,4:262,5:227,6:51,7:5342,8:48,9:893,10:13,11:194

 25821 multiletter control sequences out of 65536+200000
 118 fonts using 8298911 bytes
 71i,16n,77p,879b,938s stack positions out of 5000i,500n,10000p,200000b,50000s
{C:/Users/0-4/AppData/Local/Programs/MiKTeX 2.9/fonts/enc/dvips/fira/fir_iln36p.
enc}{C:/Users/0-4/AppData/Local/Programs/MiKTeX 2.9/fonts/enc/dvips/fira/fir_2mf
h3o.enc}<C:/Users/0-4/AppData/Local/Programs/MiKTeX 2.9/fonts/type1/public/fira/
FiraSans-Bold.pfb><C:/Users/0-4/AppData/Local/Programs/MiKTeX 2.9/fonts/type1/pu
blic/fira/FiraSans-Italic.pfb><C:/Users/0-4/AppData/Local/Programs/MiKTeX 2.9/fo
nts/type1/public/fira/FiraSans-Regular.pfb><C:/Users/0-4/AppData/Local/Programs/
MiKTeX 2.9/fonts/type1/public/amsfonts/cm/cmex10.pfb><C:/Users/0-4/AppData/Local
/Programs/MiKTeX 2.9/fonts/type1/public/amsfonts/cm/cmmi10.pfb><C:/Users/0-4/App
Data/Local/Programs/MiKTeX 2.9/fonts/type1/public/amsfonts/cm/cmmi9.pfb><C:/User
s/0-4/AppData/Local/Programs/MiKTeX 2.9/fonts/type1/public/amsfonts/cm/cmss10.pf
b><C:/Users/0-4/AppData/Local/Programs/MiKTeX 2.9/fonts/type1/public/amsfonts/cm
/cmss8.pfb><C:/Users/0-4/AppData/Local/Programs/MiKTeX 2.9/fonts/type1/public/am
sfonts/cm/cmss9.pfb><C:/Users/0-4/AppData/Local/Programs/MiKTeX 2.9/fonts/type1/
public/amsfonts/cm/cmsy10.pfb><C:/Users/0-4/AppData/Local/Programs/MiKTeX 2.9/fo
nts/type1/public/amsfonts/cm/cmsy6.pfb><C:/Users/0-4/AppData/Local/Programs/MiKT
eX 2.9/fonts/type1/public/amsfonts/cm/cmsy7.pfb><C:/Users/0-4/AppData/Local/Prog
rams/MiKTeX 2.9/fonts/type1/public/amsfonts/cm/cmsy8.pfb><C:/Users/0-4/AppData/L
ocal/Programs/MiKTeX 2.9/fonts/type1/public/amsfonts/symbols/msam10.pfb>
Output written on template.pdf (21 pages, 249293 bytes).

PDF statistics: 188 PDF objects out of 1000 (max. 8388607)
 43 named destinations out of 1000 (max. 131072)
 16 words of extra memory for PDF output out of 10000 (max. 100000000)

