This is LuaTeX, Version 1.10.0 (MiKTeX 2.9.7000 64-bit)  (format=lualatex 2019.3.24)  5 NOV 2019 22:16
 restricted system commands enabled.
**"C:/Users/0-4/Desktop/Computer_Science_MS/Thesis/pml/pmlFixed/Thesis TEX/Chap
ters/Images/MetaLearnerFlowchart.tex"

("C:/Users/0-4/Desktop/Computer_Science_MS/Thesis/pml/pmlFixed/Thesis TEX/Chapt
ers/Images/MetaLearnerFlowchart.tex"
LaTeX2e <2018-12-01>
Lua module: luaotfload-main 2019-02-14 2.96 luaotfload entry point
Lua module: luaotfload-init 2019-02-14 2.96 luaotfload submodule / initializatio
n
Lua module: lualibs 2019-02-14 2.64 ConTeXt Lua standard libraries.
Lua module: lualibs-extended 2019-02-14 2.64 ConTeXt Lua libraries -- extended c
ollection.
Lua module: luaotfload-log 2019-02-14 2.96 luaotfload submodule / logging
Lua module: luaotfload-parsers 2019-02-14 2.96 luaotfload submodule / filelist
Lua module: luaotfload-configuration 2019-02-14 2.96 luaotfload submodule / conf
ig file reader
luaotfload | conf : Root cache directory is C:/Users/0-4/AppData/Local/MiKTeX/2.
9/luatex-cache/generic/names.
luaotfload | init : Loading fontloader “fontloader-2019-02-14.lua” from kpse
-resolved path “C:/Users/0-4/AppData/Local/Programs/MiKTeX 2.9/tex/luatex/luao
tfload/fontloader-2019-02-14.lua”.
Lua-only attribute luaotfload@state = 1
Lua-only attribute luaotfload@noligature = 2
Lua-only attribute luaotfload@syllabe = 3
luaotfload | init : Context OpenType loader version “3.107”
Inserting `luaotfload.node_processor' at position 1 in `pre_linebreak_filter'.
Inserting `luaotfload.node_processor' at position 1 in `hpack_filter'.
Lua module: luaotfload-loaders 2019-02-14 2.96 luaotfload submodule / callback h
andling
Inserting `luaotfload.define_font' at position 1 in `define_font'.
Lua module: luaotfload-database 2019-02-14 2.96 luaotfload submodule / database
Lua module: luaotfload-colors 2019-02-14 2.96 luaotfload submodule / color
Lua-only attribute luaotfload_color_attribute = 4
Lua module: luaotfload-resolvers 2019-02-14 2.96 luaotfload submodule / resolver
s
luaotfload | conf : Root cache directory is C:/Users/0-4/AppData/Local/MiKTeX/2.
9/luatex-cache/generic/names.
Lua module: luaotfload-features 2019-02-14 2.96 luaotfload submodule / features
Lua module: luaotfload-letterspace 2019-02-14 2.96 luaotfload submodule / color
Lua module: luaotfload-auxiliary 2019-02-14 2.96 luaotfload submodule / auxiliar
y functions
Inserting `luaotfload.aux.set_sscale_dimens' at position 1 in `luaotfload.patch_
font'.
Inserting `luaotfload.aux.patch_cambria_domh' at position 2 in `luaotfload.patch
_font'.
Inserting `luaotfload.aux.fixup_fontdata' at position 1 in `luaotfload.patch_fon
t_unsafe'.
Inserting `luaotfload.aux.set_capheight' at position 3 in `luaotfload.patch_font
'.
Inserting `luaotfload.rewrite_fontname' at position 4 in `luaotfload.patch_font'
.
luaotfload | main : initialization completed in 1.109 seconds

("C:/Users/0-4/AppData/Local/Programs/MiKTeX 2.9/tex/latex/standalone/standalon
e.cls"
Document Class: standalone 2018/03/26 v1.3a Class to compile TeX sub-files stand
alone
("C:/Users/0-4/AppData/Local/Programs/MiKTeX 2.9/tex/latex/tools/shellesc.sty"
Package: shellesc 2016/06/07 v0.02a unified shell escape interface for LaTeX
Package shellesc Info: Restricted shell escape enabled on input line 69.
)
("C:/Users/0-4/AppData/Local/Programs/MiKTeX 2.9/tex/generic/oberdiek/ifluatex.
sty"
Package: ifluatex 2016/05/16 v1.4 Provides the ifluatex switch (HO)
Package ifluatex Info: LuaTeX detected.
)
("C:/Users/0-4/AppData/Local/Programs/MiKTeX 2.9/tex/generic/oberdiek/ifpdf.sty
"
Package: ifpdf 2018/09/07 v3.3 Provides the ifpdf switch
)
("C:/Users/0-4/AppData/Local/Programs/MiKTeX 2.9/tex/generic/ifxetex/ifxetex.st
y"
Package: ifxetex 2010/09/12 v0.6 Provides ifxetex conditional
)
("C:/Users/0-4/AppData/Local/Programs/MiKTeX 2.9/tex/latex/xkeyval/xkeyval.sty"
Package: xkeyval 2014/12/03 v2.7a package option processing (HA)

("C:/Users/0-4/AppData/Local/Programs/MiKTeX 2.9/tex/generic/xkeyval/xkeyval.te
x"
("C:/Users/0-4/AppData/Local/Programs/MiKTeX 2.9/tex/generic/xkeyval/xkvutils.t
ex"
\XKV@toks=\toks14
\XKV@tempa@toks=\toks15

("C:/Users/0-4/AppData/Local/Programs/MiKTeX 2.9/tex/generic/xkeyval/keyval.tex
"))
\XKV@depth=\count80
File: xkeyval.tex 2014/12/03 v2.7a key=value parser (HA)
))
\sa@internal=\count81
\c@sapage=\count82

("C:/Users/0-4/AppData/Local/Programs/MiKTeX 2.9/tex/latex/standalone/standalon
e.cfg"
File: standalone.cfg 2018/03/26 v1.3a Default configuration file for 'standalone
' class
)
("C:/Users/0-4/AppData/Local/Programs/MiKTeX 2.9/tex/latex/base/article.cls"
Document Class: article 2018/09/03 v1.4i Standard LaTeX document class
("C:/Users/0-4/AppData/Local/Programs/MiKTeX 2.9/tex/latex/base/size10.clo"
File: size10.clo 2018/09/03 v1.4i Standard LaTeX file (size option)
luaotfload | db : Font names database loaded from C:/Users/0-4/AppData/Local/MiK
TeX/2.9/luatex-cache/generic/names/luaotfload-names.luc)
\c@part=\count83
\c@section=\count84
\c@subsection=\count85
\c@subsubsection=\count86
\c@paragraph=\count87
\c@subparagraph=\count88
\c@figure=\count89
\c@table=\count90
\abovecaptionskip=\skip41
\belowcaptionskip=\skip42
\bibindent=\dimen102
)
("C:/Users/0-4/AppData/Local/Programs/MiKTeX 2.9/tex/generic/luatex85/luatex85.
sty"
Package: luatex85 2016/06/15 v1.4 pdftex aliases for luatex
)
("C:/Users/0-4/AppData/Local/Programs/MiKTeX 2.9/tex/generic/oberdiek/pdftexcmd
s.sty"
Package: pdftexcmds 2018/09/10 v0.29 Utility functions of pdfTeX for LuaTeX (HO)


("C:/Users/0-4/AppData/Local/Programs/MiKTeX 2.9/tex/generic/oberdiek/infwarerr
.sty"
Package: infwarerr 2016/05/16 v1.4 Providing info/warning/error messages (HO)
)
("C:/Users/0-4/AppData/Local/Programs/MiKTeX 2.9/tex/generic/oberdiek/ltxcmds.s
ty"
Package: ltxcmds 2016/05/16 v1.23 LaTeX kernel commands for general use (HO)
)
Package pdftexcmds Info: \pdf@primitive is available.
Package pdftexcmds Info: \pdf@ifprimitive is available.
Package pdftexcmds Info: \pdfdraftmode found.
\pdftexcmds@toks=\toks16
)
\sa@box=\box27
)
("C:/Users/0-4/AppData/Local/Programs/MiKTeX 2.9/tex/latex/pgf/frontendlayer/ti
kz.sty"
("C:/Users/0-4/AppData/Local/Programs/MiKTeX 2.9/tex/latex/pgf/basiclayer/pgf.s
ty"
("C:/Users/0-4/AppData/Local/Programs/MiKTeX 2.9/tex/latex/pgf/utilities/pgfrcs
.sty"
("C:/Users/0-4/AppData/Local/Programs/MiKTeX 2.9/tex/generic/pgf/utilities/pgfu
til-common.tex"
\pgfutil@everybye=\toks17
\pgfutil@tempdima=\dimen103
\pgfutil@tempdimb=\dimen104

("C:/Users/0-4/AppData/Local/Programs/MiKTeX 2.9/tex/generic/pgf/utilities/pgfu
til-common-lists.tex"))
("C:/Users/0-4/AppData/Local/Programs/MiKTeX 2.9/tex/generic/pgf/utilities/pgfu
til-latex.def"
\pgfutil@abb=\box28

("C:/Users/0-4/AppData/Local/Programs/MiKTeX 2.9/tex/latex/ms/everyshi.sty"
Package: everyshi 2001/05/15 v3.00 EveryShipout Package (MS)
))
("C:/Users/0-4/AppData/Local/Programs/MiKTeX 2.9/tex/generic/pgf/utilities/pgfr
cs.code.tex"
("C:/Users/0-4/AppData/Local/Programs/MiKTeX 2.9/tex/generic/pgf/pgf.revision.t
ex")
Package: pgfrcs 2019/08/03 v3.1.4b (3.1.4b)
))
Package: pgf 2019/08/03 v3.1.4b (3.1.4b)

("C:/Users/0-4/AppData/Local/Programs/MiKTeX 2.9/tex/latex/pgf/basiclayer/pgfco
re.sty"
("C:/Users/0-4/AppData/Local/Programs/MiKTeX 2.9/tex/latex/graphics/graphicx.st
y"
Package: graphicx 2017/06/01 v1.1a Enhanced LaTeX Graphics (DPC,SPQR)

("C:/Users/0-4/AppData/Local/Programs/MiKTeX 2.9/tex/latex/graphics/graphics.st
y"
Package: graphics 2017/06/25 v1.2c Standard LaTeX Graphics (DPC,SPQR)
 ("C:/Users/0-4/AppData/Local/Programs/MiKTeX 2.9/tex/latex/graphics/trig.sty"
Package: trig 2016/01/03 v1.10 sin cos tan (DPC)
)
("C:/Users/0-4/AppData/Local/Programs/MiKTeX 2.9/tex/latex/graphics-cfg/graphic
s.cfg"
File: graphics.cfg 2016/06/04 v1.11 sample graphics configuration
)
Package graphics Info: Driver file: luatex.def on input line 99.

("C:/Users/0-4/AppData/Local/Programs/MiKTeX 2.9/tex/latex/graphics-def/luatex.
def"
File: luatex.def 2018/01/08 v1.0l Graphics/color driver for luatex
))
\Gin@req@height=\dimen105
\Gin@req@width=\dimen106
)
("C:/Users/0-4/AppData/Local/Programs/MiKTeX 2.9/tex/latex/pgf/systemlayer/pgfs
ys.sty"
("C:/Users/0-4/AppData/Local/Programs/MiKTeX 2.9/tex/generic/pgf/systemlayer/pg
fsys.code.tex"
Package: pgfsys 2019/08/03 v3.1.4b (3.1.4b)

("C:/Users/0-4/AppData/Local/Programs/MiKTeX 2.9/tex/generic/pgf/utilities/pgfk
eys.code.tex"
\pgfkeys@pathtoks=\toks18
\pgfkeys@temptoks=\toks19

("C:/Users/0-4/AppData/Local/Programs/MiKTeX 2.9/tex/generic/pgf/utilities/pgfk
eysfiltered.code.tex"
\pgfkeys@tmptoks=\toks20
))
\pgf@x=\dimen107
\pgf@y=\dimen108
\pgf@xa=\dimen109
\pgf@ya=\dimen110
\pgf@xb=\dimen111
\pgf@yb=\dimen112
\pgf@xc=\dimen113
\pgf@yc=\dimen114
\pgf@xd=\dimen115
\pgf@yd=\dimen116
\w@pgf@writea=\write3
\r@pgf@reada=\read1
\c@pgf@counta=\count91
\c@pgf@countb=\count92
\c@pgf@countc=\count93
\c@pgf@countd=\count94
\t@pgf@toka=\toks21
\t@pgf@tokb=\toks22
\t@pgf@tokc=\toks23
\pgf@sys@id@count=\count95

("C:/Users/0-4/AppData/Local/Programs/MiKTeX 2.9/tex/generic/pgf/systemlayer/pg
f.cfg"
File: pgf.cfg 2019/08/03 v3.1.4b (3.1.4b)
)
Driver file for pgf: pgfsys-luatex.def

("C:/Users/0-4/AppData/Local/Programs/MiKTeX 2.9/tex/generic/pgf/systemlayer/pg
fsys-luatex.def"
File: pgfsys-luatex.def 2019/08/03 v3.1.4b (3.1.4b)

("C:/Users/0-4/AppData/Local/Programs/MiKTeX 2.9/tex/generic/pgf/systemlayer/pg
fsys-common-pdf.def"
File: pgfsys-common-pdf.def 2019/08/03 v3.1.4b (3.1.4b)
)))
("C:/Users/0-4/AppData/Local/Programs/MiKTeX 2.9/tex/generic/pgf/systemlayer/pg
fsyssoftpath.code.tex"
File: pgfsyssoftpath.code.tex 2019/08/03 v3.1.4b (3.1.4b)
\pgfsyssoftpath@smallbuffer@items=\count96
\pgfsyssoftpath@bigbuffer@items=\count97
)
("C:/Users/0-4/AppData/Local/Programs/MiKTeX 2.9/tex/generic/pgf/systemlayer/pg
fsysprotocol.code.tex"
File: pgfsysprotocol.code.tex 2019/08/03 v3.1.4b (3.1.4b)
))
("C:/Users/0-4/AppData/Local/Programs/MiKTeX 2.9/tex/latex/xcolor/xcolor.sty"
Package: xcolor 2016/05/11 v2.12 LaTeX color extensions (UK)

("C:/Users/0-4/AppData/Local/Programs/MiKTeX 2.9/tex/latex/graphics-cfg/color.c
fg"
File: color.cfg 2016/01/02 v1.6 sample color configuration
)
Package xcolor Info: Driver file: luatex.def on input line 225.
Package xcolor Info: Model `cmy' substituted by `cmy0' on input line 1348.
Package xcolor Info: Model `hsb' substituted by `rgb' on input line 1352.
Package xcolor Info: Model `RGB' extended on input line 1364.
Package xcolor Info: Model `HTML' substituted by `rgb' on input line 1366.
Package xcolor Info: Model `Hsb' substituted by `hsb' on input line 1367.
Package xcolor Info: Model `tHsb' substituted by `hsb' on input line 1368.
Package xcolor Info: Model `HSB' substituted by `hsb' on input line 1369.
Package xcolor Info: Model `Gray' substituted by `gray' on input line 1370.
Package xcolor Info: Model `wave' substituted by `hsb' on input line 1371.
)
("C:/Users/0-4/AppData/Local/Programs/MiKTeX 2.9/tex/generic/pgf/basiclayer/pgf
core.code.tex"
Package: pgfcore 2019/08/03 v3.1.4b (3.1.4b)

("C:/Users/0-4/AppData/Local/Programs/MiKTeX 2.9/tex/generic/pgf/math/pgfmath.c
ode.tex"
("C:/Users/0-4/AppData/Local/Programs/MiKTeX 2.9/tex/generic/pgf/math/pgfmathca
lc.code.tex"
("C:/Users/0-4/AppData/Local/Programs/MiKTeX 2.9/tex/generic/pgf/math/pgfmathut
il.code.tex")
("C:/Users/0-4/AppData/Local/Programs/MiKTeX 2.9/tex/generic/pgf/math/pgfmathpa
rser.code.tex"
\pgfmath@dimen=\dimen117
\pgfmath@count=\count98
\pgfmath@box=\box29
\pgfmath@toks=\toks24
\pgfmath@stack@operand=\toks25
\pgfmath@stack@operation=\toks26
)
("C:/Users/0-4/AppData/Local/Programs/MiKTeX 2.9/tex/generic/pgf/math/pgfmathfu
nctions.code.tex"
("C:/Users/0-4/AppData/Local/Programs/MiKTeX 2.9/tex/generic/pgf/math/pgfmathfu
nctions.basic.code.tex")
("C:/Users/0-4/AppData/Local/Programs/MiKTeX 2.9/tex/generic/pgf/math/pgfmathfu
nctions.trigonometric.code.tex")
("C:/Users/0-4/AppData/Local/Programs/MiKTeX 2.9/tex/generic/pgf/math/pgfmathfu
nctions.random.code.tex")
("C:/Users/0-4/AppData/Local/Programs/MiKTeX 2.9/tex/generic/pgf/math/pgfmathfu
nctions.comparison.code.tex")
("C:/Users/0-4/AppData/Local/Programs/MiKTeX 2.9/tex/generic/pgf/math/pgfmathfu
nctions.base.code.tex")
("C:/Users/0-4/AppData/Local/Programs/MiKTeX 2.9/tex/generic/pgf/math/pgfmathfu
nctions.round.code.tex")
("C:/Users/0-4/AppData/Local/Programs/MiKTeX 2.9/tex/generic/pgf/math/pgfmathfu
nctions.misc.code.tex")
("C:/Users/0-4/AppData/Local/Programs/MiKTeX 2.9/tex/generic/pgf/math/pgfmathfu
nctions.integerarithmetics.code.tex")))
("C:/Users/0-4/AppData/Local/Programs/MiKTeX 2.9/tex/generic/pgf/math/pgfmathfl
oat.code.tex"
\c@pgfmathroundto@lastzeros=\count99
))
("C:/Users/0-4/AppData/Local/Programs/MiKTeX 2.9/tex/generic/pgf/math/pgfint.co
de.tex")
("C:/Users/0-4/AppData/Local/Programs/MiKTeX 2.9/tex/generic/pgf/basiclayer/pgf
corepoints.code.tex"
File: pgfcorepoints.code.tex 2019/08/03 v3.1.4b (3.1.4b)
\pgf@picminx=\dimen118
\pgf@picmaxx=\dimen119
\pgf@picminy=\dimen120
\pgf@picmaxy=\dimen121
\pgf@pathminx=\dimen122
\pgf@pathmaxx=\dimen123
\pgf@pathminy=\dimen124
\pgf@pathmaxy=\dimen125
\pgf@xx=\dimen126
\pgf@xy=\dimen127
\pgf@yx=\dimen128
\pgf@yy=\dimen129
\pgf@zx=\dimen130
\pgf@zy=\dimen131
)
("C:/Users/0-4/AppData/Local/Programs/MiKTeX 2.9/tex/generic/pgf/basiclayer/pgf
corepathconstruct.code.tex"
File: pgfcorepathconstruct.code.tex 2019/08/03 v3.1.4b (3.1.4b)
\pgf@path@lastx=\dimen132
\pgf@path@lasty=\dimen133
)
("C:/Users/0-4/AppData/Local/Programs/MiKTeX 2.9/tex/generic/pgf/basiclayer/pgf
corepathusage.code.tex"
File: pgfcorepathusage.code.tex 2019/08/03 v3.1.4b (3.1.4b)
\pgf@shorten@end@additional=\dimen134
\pgf@shorten@start@additional=\dimen135
)
("C:/Users/0-4/AppData/Local/Programs/MiKTeX 2.9/tex/generic/pgf/basiclayer/pgf
corescopes.code.tex"
File: pgfcorescopes.code.tex 2019/08/03 v3.1.4b (3.1.4b)
\pgfpic=\box30
\pgf@hbox=\box31
\pgf@layerbox@main=\box32
\pgf@picture@serial@count=\count100
)
("C:/Users/0-4/AppData/Local/Programs/MiKTeX 2.9/tex/generic/pgf/basiclayer/pgf
coregraphicstate.code.tex"
File: pgfcoregraphicstate.code.tex 2019/08/03 v3.1.4b (3.1.4b)
\pgflinewidth=\dimen136
)
("C:/Users/0-4/AppData/Local/Programs/MiKTeX 2.9/tex/generic/pgf/basiclayer/pgf
coretransformations.code.tex"
File: pgfcoretransformations.code.tex 2019/08/03 v3.1.4b (3.1.4b)
\pgf@pt@x=\dimen137
\pgf@pt@y=\dimen138
\pgf@pt@temp=\dimen139
)
("C:/Users/0-4/AppData/Local/Programs/MiKTeX 2.9/tex/generic/pgf/basiclayer/pgf
corequick.code.tex"
File: pgfcorequick.code.tex 2019/08/03 v3.1.4b (3.1.4b)
)
("C:/Users/0-4/AppData/Local/Programs/MiKTeX 2.9/tex/generic/pgf/basiclayer/pgf
coreobjects.code.tex"
File: pgfcoreobjects.code.tex 2019/08/03 v3.1.4b (3.1.4b)
)
("C:/Users/0-4/AppData/Local/Programs/MiKTeX 2.9/tex/generic/pgf/basiclayer/pgf
corepathprocessing.code.tex"
File: pgfcorepathprocessing.code.tex 2019/08/03 v3.1.4b (3.1.4b)
)
("C:/Users/0-4/AppData/Local/Programs/MiKTeX 2.9/tex/generic/pgf/basiclayer/pgf
corearrows.code.tex"
File: pgfcorearrows.code.tex 2019/08/03 v3.1.4b (3.1.4b)
\pgfarrowsep=\dimen140
)
("C:/Users/0-4/AppData/Local/Programs/MiKTeX 2.9/tex/generic/pgf/basiclayer/pgf
coreshade.code.tex"
File: pgfcoreshade.code.tex 2019/08/03 v3.1.4b (3.1.4b)
\pgf@max=\dimen141
\pgf@sys@shading@range@num=\count101
\pgf@shadingcount=\count102
)
("C:/Users/0-4/AppData/Local/Programs/MiKTeX 2.9/tex/generic/pgf/basiclayer/pgf
coreimage.code.tex"
File: pgfcoreimage.code.tex 2019/08/03 v3.1.4b (3.1.4b)

("C:/Users/0-4/AppData/Local/Programs/MiKTeX 2.9/tex/generic/pgf/basiclayer/pgf
coreexternal.code.tex"
File: pgfcoreexternal.code.tex 2019/08/03 v3.1.4b (3.1.4b)
\pgfexternal@startupbox=\box33
))
("C:/Users/0-4/AppData/Local/Programs/MiKTeX 2.9/tex/generic/pgf/basiclayer/pgf
corelayers.code.tex"
File: pgfcorelayers.code.tex 2019/08/03 v3.1.4b (3.1.4b)
)
("C:/Users/0-4/AppData/Local/Programs/MiKTeX 2.9/tex/generic/pgf/basiclayer/pgf
coretransparency.code.tex"
File: pgfcoretransparency.code.tex 2019/08/03 v3.1.4b (3.1.4b)
)
("C:/Users/0-4/AppData/Local/Programs/MiKTeX 2.9/tex/generic/pgf/basiclayer/pgf
corepatterns.code.tex"
File: pgfcorepatterns.code.tex 2019/08/03 v3.1.4b (3.1.4b)
)
("C:/Users/0-4/AppData/Local/Programs/MiKTeX 2.9/tex/generic/pgf/basiclayer/pgf
corerdf.code.tex"
File: pgfcorerdf.code.tex 2019/08/03 v3.1.4b (3.1.4b)
)))
("C:/Users/0-4/AppData/Local/Programs/MiKTeX 2.9/tex/generic/pgf/modules/pgfmod
uleshapes.code.tex"
File: pgfmoduleshapes.code.tex 2019/08/03 v3.1.4b (3.1.4b)
\pgfnodeparttextbox=\box34
)
("C:/Users/0-4/AppData/Local/Programs/MiKTeX 2.9/tex/generic/pgf/modules/pgfmod
uleplot.code.tex"
File: pgfmoduleplot.code.tex 2019/08/03 v3.1.4b (3.1.4b)
)
("C:/Users/0-4/AppData/Local/Programs/MiKTeX 2.9/tex/latex/pgf/compatibility/pg
fcomp-version-0-65.sty"
Package: pgfcomp-version-0-65 2019/08/03 v3.1.4b (3.1.4b)
\pgf@nodesepstart=\dimen142
\pgf@nodesepend=\dimen143
)
("C:/Users/0-4/AppData/Local/Programs/MiKTeX 2.9/tex/latex/pgf/compatibility/pg
fcomp-version-1-18.sty"
Package: pgfcomp-version-1-18 2019/08/03 v3.1.4b (3.1.4b)
))
("C:/Users/0-4/AppData/Local/Programs/MiKTeX 2.9/tex/latex/pgf/utilities/pgffor
.sty"
("C:/Users/0-4/AppData/Local/Programs/MiKTeX 2.9/tex/latex/pgf/utilities/pgfkey
s.sty"
("C:/Users/0-4/AppData/Local/Programs/MiKTeX 2.9/tex/generic/pgf/utilities/pgfk
eys.code.tex"))
("C:/Users/0-4/AppData/Local/Programs/MiKTeX 2.9/tex/latex/pgf/math/pgfmath.sty
"
("C:/Users/0-4/AppData/Local/Programs/MiKTeX 2.9/tex/generic/pgf/math/pgfmath.c
ode.tex"))
("C:/Users/0-4/AppData/Local/Programs/MiKTeX 2.9/tex/generic/pgf/utilities/pgff
or.code.tex"
Package: pgffor 2019/08/03 v3.1.4b (3.1.4b)

("C:/Users/0-4/AppData/Local/Programs/MiKTeX 2.9/tex/generic/pgf/math/pgfmath.c
ode.tex")
\pgffor@iter=\dimen144
\pgffor@skip=\dimen145
\pgffor@stack=\toks27
\pgffor@toks=\toks28
))
("C:/Users/0-4/AppData/Local/Programs/MiKTeX 2.9/tex/generic/pgf/frontendlayer/
tikz/tikz.code.tex"
Package: tikz 2019/08/03 v3.1.4b (3.1.4b)

("C:/Users/0-4/AppData/Local/Programs/MiKTeX 2.9/tex/generic/pgf/libraries/pgfl
ibraryplothandlers.code.tex"
File: pgflibraryplothandlers.code.tex 2019/08/03 v3.1.4b (3.1.4b)
\pgf@plot@mark@count=\count103
\pgfplotmarksize=\dimen146
)
\tikz@lastx=\dimen147
\tikz@lasty=\dimen148
\tikz@lastxsaved=\dimen149
\tikz@lastysaved=\dimen150
\tikz@lastmovetox=\dimen151
\tikz@lastmovetoy=\dimen152
\tikzleveldistance=\dimen153
\tikzsiblingdistance=\dimen154
\tikz@figbox=\box35
\tikz@figbox@bg=\box36
\tikz@tempbox=\box37
\tikz@tempbox@bg=\box38
\tikztreelevel=\count104
\tikznumberofchildren=\count105
\tikznumberofcurrentchild=\count106
\tikz@fig@count=\count107

("C:/Users/0-4/AppData/Local/Programs/MiKTeX 2.9/tex/generic/pgf/modules/pgfmod
ulematrix.code.tex"
File: pgfmodulematrix.code.tex 2019/08/03 v3.1.4b (3.1.4b)
\pgfmatrixcurrentrow=\count108
\pgfmatrixcurrentcolumn=\count109
\pgf@matrix@numberofcolumns=\count110
)
\tikz@expandcount=\count111

("C:/Users/0-4/AppData/Local/Programs/MiKTeX 2.9/tex/generic/pgf/frontendlayer/
tikz/libraries/tikzlibrarytopaths.code.tex"
File: tikzlibrarytopaths.code.tex 2019/08/03 v3.1.4b (3.1.4b)
))) (./MetaLearnerFlowchart.aux)
\openout1 = MetaLearnerFlowchart.aux

LaTeX Font Info:    Checking defaults for OML/cmm/m/it on input line 5.
LaTeX Font Info:    ... okay on input line 5.
LaTeX Font Info:    Checking defaults for T1/cmr/m/n on input line 5.
LaTeX Font Info:    ... okay on input line 5.
LaTeX Font Info:    Checking defaults for OT1/cmr/m/n on input line 5.
LaTeX Font Info:    ... okay on input line 5.
LaTeX Font Info:    Checking defaults for OMS/cmsy/m/n on input line 5.
LaTeX Font Info:    ... okay on input line 5.
LaTeX Font Info:    Checking defaults for TU/lmr/m/n on input line 5.
LaTeX Font Info:    ... okay on input line 5.
LaTeX Font Info:    Checking defaults for OMX/cmex/m/n on input line 5.
LaTeX Font Info:    ... okay on input line 5.
LaTeX Font Info:    Checking defaults for U/cmr/m/n on input line 5.
LaTeX Font Info:    ... okay on input line 5.

ABD: EveryShipout initializing macros
("C:/Users/0-4/AppData/Local/Programs/MiKTeX 2.9/tex/context/base/mkii/supp-pdf
.mkii"
[Loading MPS to PDF converter (version 2006.09.02).]
\scratchcounter=\count112
\scratchdimen=\dimen155
\scratchbox=\box39
\nofMPsegments=\count113
\nofMParguments=\count114
\everyMPshowfont=\toks29
\MPscratchCnt=\count115
\MPscratchDim=\dimen156
\MPnumerator=\count116
\makeMPintoPDFobject=\count117
\everyMPtoPDFconversion=\toks30
)
("C:/Users/0-4/AppData/Local/Programs/MiKTeX 2.9/tex/latex/oberdiek/epstopdf-ba
se.sty"
Package: epstopdf-base 2016/05/15 v2.6 Base part for package epstopdf

("C:/Users/0-4/AppData/Local/Programs/MiKTeX 2.9/tex/latex/oberdiek/grfext.sty"
Package: grfext 2016/05/16 v1.2 Manage graphics extensions (HO)

("C:/Users/0-4/AppData/Local/Programs/MiKTeX 2.9/tex/generic/oberdiek/kvdefinek
eys.sty"
Package: kvdefinekeys 2016/05/16 v1.4 Define keys (HO)
))
("C:/Users/0-4/AppData/Local/Programs/MiKTeX 2.9/tex/latex/oberdiek/kvoptions.s
ty"
Package: kvoptions 2016/05/16 v3.12 Key value format for package options (HO)

("C:/Users/0-4/AppData/Local/Programs/MiKTeX 2.9/tex/generic/oberdiek/kvsetkeys
.sty"
Package: kvsetkeys 2016/05/16 v1.17 Key value parser (HO)

("C:/Users/0-4/AppData/Local/Programs/MiKTeX 2.9/tex/generic/oberdiek/etexcmds.
sty"
Package: etexcmds 2016/05/16 v1.6 Avoid name clashes with e-TeX commands (HO)
)))
Package epstopdf-base Info: Redefining graphics rule for `.eps' on input line 43
8.
Package grfext Info: Graphics extension search list:
(grfext)             [.pdf,.png,.jpg,.mps,.jpeg,.jbig2,.jb2,.PDF,.PNG,.JPG,.JPEG
,.JBIG2,.JB2,.eps]
(grfext)             \AppendGraphicsExtensions on input line 456.
) [1

{C:/Users/0-4/AppData/Local/MiKTeX/2.9/pdftex/config/pdftex.map}]
(./MetaLearnerFlowchart.aux))

Here is how much of LuaTeX's memory you used:
 12547 strings out of 494300
 100000,319454 words of node,token memory allocated
 6190 words of node memory still in use:
   71 hlist, 1 vlist, 1 rule, 9 disc, 192 glue, 6 kern, 132 glyph, 476 attribute
, 44 glue_spec, 476 attribute_list, 2 write, 308 pdf_literal, 4 pdf_colorstack n
odes
   avail lists: 2:23,3:309,4:9,5:25,6:1,7:334,9:77,11:9
 16279 multiletter control sequences out of 65536+200000
 15 fonts using 723495 bytes
 55i,7n,56p,580b,637s stack positions out of 5000i,500n,10000p,200000b,50000s
<c:/users/0-4/appdata/local/programs/miktex 2.9/fonts/opentype/public/lm/lmroman
10-regular.otf>
Output written on MetaLearnerFlowchart.pdf (1 page, 7442 bytes).

PDF statistics: 16 PDF objects out of 1000 (max. 8388607)
 0 named destinations out of 1000 (max. 131072)
 16 words of extra memory for PDF output out of 10000 (max. 100000000)

